2020-03-04 15:01:33,998 INFO 11980 [Timer] C:\Users\Administrator\Desktop\RundeGit\JustEggJs\egg-example\node_modules\_egg-multipart@2.10.1@egg-multipart\app\schedule\clean_tmpdir.js next time will execute after 48506005ms at 2020-03-05 04:30:00.003
2020-03-04 15:01:33,998 INFO 11980 [Timer] C:\Users\Administrator\Desktop\RundeGit\JustEggJs\egg-example\node_modules\_egg-logrotator@3.1.0@egg-logrotator\app\schedule\clean_log.js next time will execute after 32306002ms at 2020-03-05 00:00:00.000
2020-03-04 15:01:33,998 INFO 11980 [Timer] C:\Users\Administrator\Desktop\RundeGit\JustEggJs\egg-example\node_modules\_egg-logrotator@3.1.0@egg-logrotator\app\schedule\rotate_by_file.js next time will execute after 32307002ms at 2020-03-05 00:00:01.000
2020-03-04 15:01:33,861 INFO 14860 [egg-schedule]: register schedule C:\Users\Administrator\Desktop\RundeGit\JustEggJs\egg-example\node_modules\_egg-multipart@2.10.1@egg-multipart\app\schedule\clean_tmpdir.js
2020-03-04 15:01:33,861 INFO 14860 [egg-schedule]: register schedule C:\Users\Administrator\Desktop\RundeGit\JustEggJs\egg-example\node_modules\_egg-logrotator@3.1.0@egg-logrotator\app\schedule\clean_log.js
2020-03-04 15:01:33,861 INFO 14860 [egg-schedule]: register schedule C:\Users\Administrator\Desktop\RundeGit\JustEggJs\egg-example\node_modules\_egg-logrotator@3.1.0@egg-logrotator\app\schedule\rotate_by_file.js
2020-03-04 15:06:48,462 INFO 14036 [egg-schedule]: register schedule C:\Users\Administrator\Desktop\RundeGit\JustEggJs\egg-example\node_modules\_egg-multipart@2.10.1@egg-multipart\app\schedule\clean_tmpdir.js
2020-03-04 15:06:48,462 INFO 14036 [egg-schedule]: register schedule C:\Users\Administrator\Desktop\RundeGit\JustEggJs\egg-example\node_modules\_egg-logrotator@3.1.0@egg-logrotator\app\schedule\clean_log.js
2020-03-04 15:06:48,462 INFO 14036 [egg-schedule]: register schedule C:\Users\Administrator\Desktop\RundeGit\JustEggJs\egg-example\node_modules\_egg-logrotator@3.1.0@egg-logrotator\app\schedule\rotate_by_file.js
2020-03-04 15:08:46,540 INFO 13120 [Timer] C:\Users\Administrator\Desktop\RundeGit\JustEggJs\egg-example\node_modules\_egg-multipart@2.10.1@egg-multipart\app\schedule\clean_tmpdir.js next time will execute after 48073463ms at 2020-03-05 04:30:00.003
2020-03-04 15:08:46,540 INFO 13120 [Timer] C:\Users\Administrator\Desktop\RundeGit\JustEggJs\egg-example\node_modules\_egg-logrotator@3.1.0@egg-logrotator\app\schedule\clean_log.js next time will execute after 31873460ms at 2020-03-05 00:00:00.000
2020-03-04 15:08:46,541 INFO 13120 [Timer] C:\Users\Administrator\Desktop\RundeGit\JustEggJs\egg-example\node_modules\_egg-logrotator@3.1.0@egg-logrotator\app\schedule\rotate_by_file.js next time will execute after 31874460ms at 2020-03-05 00:00:01.001
2020-03-04 15:08:46,376 INFO 2140 [egg-schedule]: register schedule C:\Users\Administrator\Desktop\RundeGit\JustEggJs\egg-example\node_modules\_egg-multipart@2.10.1@egg-multipart\app\schedule\clean_tmpdir.js
2020-03-04 15:08:46,376 INFO 2140 [egg-schedule]: register schedule C:\Users\Administrator\Desktop\RundeGit\JustEggJs\egg-example\node_modules\_egg-logrotator@3.1.0@egg-logrotator\app\schedule\clean_log.js
2020-03-04 15:08:46,376 INFO 2140 [egg-schedule]: register schedule C:\Users\Administrator\Desktop\RundeGit\JustEggJs\egg-example\node_modules\_egg-logrotator@3.1.0@egg-logrotator\app\schedule\rotate_by_file.js
2020-03-04 15:12:57,029 INFO 12940 [egg-schedule]: register schedule C:\Users\Administrator\Desktop\RundeGit\JustEggJs\egg-example\node_modules\_egg-multipart@2.10.1@egg-multipart\app\schedule\clean_tmpdir.js
2020-03-04 15:12:57,029 INFO 12940 [egg-schedule]: register schedule C:\Users\Administrator\Desktop\RundeGit\JustEggJs\egg-example\node_modules\_egg-logrotator@3.1.0@egg-logrotator\app\schedule\clean_log.js
2020-03-04 15:12:57,029 INFO 12940 [egg-schedule]: register schedule C:\Users\Administrator\Desktop\RundeGit\JustEggJs\egg-example\node_modules\_egg-logrotator@3.1.0@egg-logrotator\app\schedule\rotate_by_file.js
2020-03-04 15:12:58,965 INFO 14640 [egg-schedule]: register schedule C:\Users\Administrator\Desktop\RundeGit\JustEggJs\egg-example\node_modules\_egg-multipart@2.10.1@egg-multipart\app\schedule\clean_tmpdir.js
2020-03-04 15:12:58,965 INFO 14640 [egg-schedule]: register schedule C:\Users\Administrator\Desktop\RundeGit\JustEggJs\egg-example\node_modules\_egg-logrotator@3.1.0@egg-logrotator\app\schedule\clean_log.js
2020-03-04 15:12:58,965 INFO 14640 [egg-schedule]: register schedule C:\Users\Administrator\Desktop\RundeGit\JustEggJs\egg-example\node_modules\_egg-logrotator@3.1.0@egg-logrotator\app\schedule\rotate_by_file.js
2020-03-04 15:13:04,301 INFO 9884 [egg-schedule]: register schedule C:\Users\Administrator\Desktop\RundeGit\JustEggJs\egg-example\node_modules\_egg-multipart@2.10.1@egg-multipart\app\schedule\clean_tmpdir.js
2020-03-04 15:13:04,301 INFO 9884 [egg-schedule]: register schedule C:\Users\Administrator\Desktop\RundeGit\JustEggJs\egg-example\node_modules\_egg-logrotator@3.1.0@egg-logrotator\app\schedule\clean_log.js
2020-03-04 15:13:04,301 INFO 9884 [egg-schedule]: register schedule C:\Users\Administrator\Desktop\RundeGit\JustEggJs\egg-example\node_modules\_egg-logrotator@3.1.0@egg-logrotator\app\schedule\rotate_by_file.js
2020-03-04 15:13:07,309 INFO 14364 [egg-schedule]: register schedule C:\Users\Administrator\Desktop\RundeGit\JustEggJs\egg-example\node_modules\_egg-multipart@2.10.1@egg-multipart\app\schedule\clean_tmpdir.js
2020-03-04 15:13:07,309 INFO 14364 [egg-schedule]: register schedule C:\Users\Administrator\Desktop\RundeGit\JustEggJs\egg-example\node_modules\_egg-logrotator@3.1.0@egg-logrotator\app\schedule\clean_log.js
2020-03-04 15:13:07,309 INFO 14364 [egg-schedule]: register schedule C:\Users\Administrator\Desktop\RundeGit\JustEggJs\egg-example\node_modules\_egg-logrotator@3.1.0@egg-logrotator\app\schedule\rotate_by_file.js
2020-03-04 15:13:10,063 INFO 15580 [egg-schedule]: register schedule C:\Users\Administrator\Desktop\RundeGit\JustEggJs\egg-example\node_modules\_egg-multipart@2.10.1@egg-multipart\app\schedule\clean_tmpdir.js
2020-03-04 15:13:10,063 INFO 15580 [egg-schedule]: register schedule C:\Users\Administrator\Desktop\RundeGit\JustEggJs\egg-example\node_modules\_egg-logrotator@3.1.0@egg-logrotator\app\schedule\clean_log.js
2020-03-04 15:13:10,063 INFO 15580 [egg-schedule]: register schedule C:\Users\Administrator\Desktop\RundeGit\JustEggJs\egg-example\node_modules\_egg-logrotator@3.1.0@egg-logrotator\app\schedule\rotate_by_file.js
2020-03-04 15:14:09,600 INFO 11516 [egg-schedule]: register schedule C:\Users\Administrator\Desktop\RundeGit\JustEggJs\egg-example\node_modules\_egg-multipart@2.10.1@egg-multipart\app\schedule\clean_tmpdir.js
2020-03-04 15:14:09,600 INFO 11516 [egg-schedule]: register schedule C:\Users\Administrator\Desktop\RundeGit\JustEggJs\egg-example\node_modules\_egg-logrotator@3.1.0@egg-logrotator\app\schedule\clean_log.js
2020-03-04 15:14:09,600 INFO 11516 [egg-schedule]: register schedule C:\Users\Administrator\Desktop\RundeGit\JustEggJs\egg-example\node_modules\_egg-logrotator@3.1.0@egg-logrotator\app\schedule\rotate_by_file.js
2020-03-04 15:14:11,142 INFO 13620 [egg-schedule]: register schedule C:\Users\Administrator\Desktop\RundeGit\JustEggJs\egg-example\node_modules\_egg-multipart@2.10.1@egg-multipart\app\schedule\clean_tmpdir.js
2020-03-04 15:14:11,142 INFO 13620 [egg-schedule]: register schedule C:\Users\Administrator\Desktop\RundeGit\JustEggJs\egg-example\node_modules\_egg-logrotator@3.1.0@egg-logrotator\app\schedule\clean_log.js
2020-03-04 15:14:11,142 INFO 13620 [egg-schedule]: register schedule C:\Users\Administrator\Desktop\RundeGit\JustEggJs\egg-example\node_modules\_egg-logrotator@3.1.0@egg-logrotator\app\schedule\rotate_by_file.js
2020-03-04 15:14:13,062 INFO 2644 [egg-schedule]: register schedule C:\Users\Administrator\Desktop\RundeGit\JustEggJs\egg-example\node_modules\_egg-multipart@2.10.1@egg-multipart\app\schedule\clean_tmpdir.js
2020-03-04 15:14:13,062 INFO 2644 [egg-schedule]: register schedule C:\Users\Administrator\Desktop\RundeGit\JustEggJs\egg-example\node_modules\_egg-logrotator@3.1.0@egg-logrotator\app\schedule\clean_log.js
2020-03-04 15:14:13,062 INFO 2644 [egg-schedule]: register schedule C:\Users\Administrator\Desktop\RundeGit\JustEggJs\egg-example\node_modules\_egg-logrotator@3.1.0@egg-logrotator\app\schedule\rotate_by_file.js
2020-03-04 15:14:20,368 INFO 16192 [egg-schedule]: register schedule C:\Users\Administrator\Desktop\RundeGit\JustEggJs\egg-example\node_modules\_egg-multipart@2.10.1@egg-multipart\app\schedule\clean_tmpdir.js
2020-03-04 15:14:20,368 INFO 16192 [egg-schedule]: register schedule C:\Users\Administrator\Desktop\RundeGit\JustEggJs\egg-example\node_modules\_egg-logrotator@3.1.0@egg-logrotator\app\schedule\clean_log.js
2020-03-04 15:14:20,368 INFO 16192 [egg-schedule]: register schedule C:\Users\Administrator\Desktop\RundeGit\JustEggJs\egg-example\node_modules\_egg-logrotator@3.1.0@egg-logrotator\app\schedule\rotate_by_file.js
2020-03-04 15:14:21,913 INFO 15924 [egg-schedule]: register schedule C:\Users\Administrator\Desktop\RundeGit\JustEggJs\egg-example\node_modules\_egg-multipart@2.10.1@egg-multipart\app\schedule\clean_tmpdir.js
2020-03-04 15:14:21,913 INFO 15924 [egg-schedule]: register schedule C:\Users\Administrator\Desktop\RundeGit\JustEggJs\egg-example\node_modules\_egg-logrotator@3.1.0@egg-logrotator\app\schedule\clean_log.js
2020-03-04 15:14:21,913 INFO 15924 [egg-schedule]: register schedule C:\Users\Administrator\Desktop\RundeGit\JustEggJs\egg-example\node_modules\_egg-logrotator@3.1.0@egg-logrotator\app\schedule\rotate_by_file.js
2020-03-04 15:14:23,588 INFO 13092 [egg-schedule]: register schedule C:\Users\Administrator\Desktop\RundeGit\JustEggJs\egg-example\node_modules\_egg-multipart@2.10.1@egg-multipart\app\schedule\clean_tmpdir.js
2020-03-04 15:14:23,588 INFO 13092 [egg-schedule]: register schedule C:\Users\Administrator\Desktop\RundeGit\JustEggJs\egg-example\node_modules\_egg-logrotator@3.1.0@egg-logrotator\app\schedule\clean_log.js
2020-03-04 15:14:23,588 INFO 13092 [egg-schedule]: register schedule C:\Users\Administrator\Desktop\RundeGit\JustEggJs\egg-example\node_modules\_egg-logrotator@3.1.0@egg-logrotator\app\schedule\rotate_by_file.js
2020-03-04 15:14:26,185 INFO 10812 [egg-schedule]: register schedule C:\Users\Administrator\Desktop\RundeGit\JustEggJs\egg-example\node_modules\_egg-multipart@2.10.1@egg-multipart\app\schedule\clean_tmpdir.js
2020-03-04 15:14:26,185 INFO 10812 [egg-schedule]: register schedule C:\Users\Administrator\Desktop\RundeGit\JustEggJs\egg-example\node_modules\_egg-logrotator@3.1.0@egg-logrotator\app\schedule\clean_log.js
2020-03-04 15:14:26,185 INFO 10812 [egg-schedule]: register schedule C:\Users\Administrator\Desktop\RundeGit\JustEggJs\egg-example\node_modules\_egg-logrotator@3.1.0@egg-logrotator\app\schedule\rotate_by_file.js
2020-03-04 15:14:32,056 INFO 12836 [egg-schedule]: register schedule C:\Users\Administrator\Desktop\RundeGit\JustEggJs\egg-example\node_modules\_egg-multipart@2.10.1@egg-multipart\app\schedule\clean_tmpdir.js
2020-03-04 15:14:32,056 INFO 12836 [egg-schedule]: register schedule C:\Users\Administrator\Desktop\RundeGit\JustEggJs\egg-example\node_modules\_egg-logrotator@3.1.0@egg-logrotator\app\schedule\clean_log.js
2020-03-04 15:14:32,056 INFO 12836 [egg-schedule]: register schedule C:\Users\Administrator\Desktop\RundeGit\JustEggJs\egg-example\node_modules\_egg-logrotator@3.1.0@egg-logrotator\app\schedule\rotate_by_file.js
2020-03-04 15:14:33,763 INFO 14744 [egg-schedule]: register schedule C:\Users\Administrator\Desktop\RundeGit\JustEggJs\egg-example\node_modules\_egg-multipart@2.10.1@egg-multipart\app\schedule\clean_tmpdir.js
2020-03-04 15:14:33,763 INFO 14744 [egg-schedule]: register schedule C:\Users\Administrator\Desktop\RundeGit\JustEggJs\egg-example\node_modules\_egg-logrotator@3.1.0@egg-logrotator\app\schedule\clean_log.js
2020-03-04 15:14:33,763 INFO 14744 [egg-schedule]: register schedule C:\Users\Administrator\Desktop\RundeGit\JustEggJs\egg-example\node_modules\_egg-logrotator@3.1.0@egg-logrotator\app\schedule\rotate_by_file.js
2020-03-04 15:14:36,535 INFO 3944 [egg-schedule]: register schedule C:\Users\Administrator\Desktop\RundeGit\JustEggJs\egg-example\node_modules\_egg-multipart@2.10.1@egg-multipart\app\schedule\clean_tmpdir.js
2020-03-04 15:14:36,535 INFO 3944 [egg-schedule]: register schedule C:\Users\Administrator\Desktop\RundeGit\JustEggJs\egg-example\node_modules\_egg-logrotator@3.1.0@egg-logrotator\app\schedule\clean_log.js
2020-03-04 15:14:36,535 INFO 3944 [egg-schedule]: register schedule C:\Users\Administrator\Desktop\RundeGit\JustEggJs\egg-example\node_modules\_egg-logrotator@3.1.0@egg-logrotator\app\schedule\rotate_by_file.js
2020-03-04 15:14:40,982 INFO 4404 [egg-schedule]: register schedule C:\Users\Administrator\Desktop\RundeGit\JustEggJs\egg-example\node_modules\_egg-multipart@2.10.1@egg-multipart\app\schedule\clean_tmpdir.js
2020-03-04 15:14:40,982 INFO 4404 [egg-schedule]: register schedule C:\Users\Administrator\Desktop\RundeGit\JustEggJs\egg-example\node_modules\_egg-logrotator@3.1.0@egg-logrotator\app\schedule\clean_log.js
2020-03-04 15:14:40,982 INFO 4404 [egg-schedule]: register schedule C:\Users\Administrator\Desktop\RundeGit\JustEggJs\egg-example\node_modules\_egg-logrotator@3.1.0@egg-logrotator\app\schedule\rotate_by_file.js
2020-03-04 15:14:47,370 INFO 11804 [egg-schedule]: register schedule C:\Users\Administrator\Desktop\RundeGit\JustEggJs\egg-example\node_modules\_egg-multipart@2.10.1@egg-multipart\app\schedule\clean_tmpdir.js
2020-03-04 15:14:47,370 INFO 11804 [egg-schedule]: register schedule C:\Users\Administrator\Desktop\RundeGit\JustEggJs\egg-example\node_modules\_egg-logrotator@3.1.0@egg-logrotator\app\schedule\clean_log.js
2020-03-04 15:14:47,370 INFO 11804 [egg-schedule]: register schedule C:\Users\Administrator\Desktop\RundeGit\JustEggJs\egg-example\node_modules\_egg-logrotator@3.1.0@egg-logrotator\app\schedule\rotate_by_file.js
2020-03-04 15:14:53,815 INFO 6960 [egg-schedule]: register schedule C:\Users\Administrator\Desktop\RundeGit\JustEggJs\egg-example\node_modules\_egg-multipart@2.10.1@egg-multipart\app\schedule\clean_tmpdir.js
2020-03-04 15:14:53,815 INFO 6960 [egg-schedule]: register schedule C:\Users\Administrator\Desktop\RundeGit\JustEggJs\egg-example\node_modules\_egg-logrotator@3.1.0@egg-logrotator\app\schedule\clean_log.js
2020-03-04 15:14:53,815 INFO 6960 [egg-schedule]: register schedule C:\Users\Administrator\Desktop\RundeGit\JustEggJs\egg-example\node_modules\_egg-logrotator@3.1.0@egg-logrotator\app\schedule\rotate_by_file.js
2020-03-04 15:14:56,880 INFO 16268 [egg-schedule]: register schedule C:\Users\Administrator\Desktop\RundeGit\JustEggJs\egg-example\node_modules\_egg-multipart@2.10.1@egg-multipart\app\schedule\clean_tmpdir.js
2020-03-04 15:14:56,880 INFO 16268 [egg-schedule]: register schedule C:\Users\Administrator\Desktop\RundeGit\JustEggJs\egg-example\node_modules\_egg-logrotator@3.1.0@egg-logrotator\app\schedule\clean_log.js
2020-03-04 15:14:56,880 INFO 16268 [egg-schedule]: register schedule C:\Users\Administrator\Desktop\RundeGit\JustEggJs\egg-example\node_modules\_egg-logrotator@3.1.0@egg-logrotator\app\schedule\rotate_by_file.js
2020-03-04 15:15:07,895 INFO 7332 [egg-schedule]: register schedule C:\Users\Administrator\Desktop\RundeGit\JustEggJs\egg-example\node_modules\_egg-multipart@2.10.1@egg-multipart\app\schedule\clean_tmpdir.js
2020-03-04 15:15:07,895 INFO 7332 [egg-schedule]: register schedule C:\Users\Administrator\Desktop\RundeGit\JustEggJs\egg-example\node_modules\_egg-logrotator@3.1.0@egg-logrotator\app\schedule\clean_log.js
2020-03-04 15:15:07,895 INFO 7332 [egg-schedule]: register schedule C:\Users\Administrator\Desktop\RundeGit\JustEggJs\egg-example\node_modules\_egg-logrotator@3.1.0@egg-logrotator\app\schedule\rotate_by_file.js
2020-03-04 15:15:13,991 INFO 13104 [egg-schedule]: register schedule C:\Users\Administrator\Desktop\RundeGit\JustEggJs\egg-example\node_modules\_egg-multipart@2.10.1@egg-multipart\app\schedule\clean_tmpdir.js
2020-03-04 15:15:13,991 INFO 13104 [egg-schedule]: register schedule C:\Users\Administrator\Desktop\RundeGit\JustEggJs\egg-example\node_modules\_egg-logrotator@3.1.0@egg-logrotator\app\schedule\clean_log.js
2020-03-04 15:15:13,991 INFO 13104 [egg-schedule]: register schedule C:\Users\Administrator\Desktop\RundeGit\JustEggJs\egg-example\node_modules\_egg-logrotator@3.1.0@egg-logrotator\app\schedule\rotate_by_file.js
2020-03-04 15:15:16,164 INFO 15900 [egg-schedule]: register schedule C:\Users\Administrator\Desktop\RundeGit\JustEggJs\egg-example\node_modules\_egg-multipart@2.10.1@egg-multipart\app\schedule\clean_tmpdir.js
2020-03-04 15:15:16,164 INFO 15900 [egg-schedule]: register schedule C:\Users\Administrator\Desktop\RundeGit\JustEggJs\egg-example\node_modules\_egg-logrotator@3.1.0@egg-logrotator\app\schedule\clean_log.js
2020-03-04 15:15:16,164 INFO 15900 [egg-schedule]: register schedule C:\Users\Administrator\Desktop\RundeGit\JustEggJs\egg-example\node_modules\_egg-logrotator@3.1.0@egg-logrotator\app\schedule\rotate_by_file.js
2020-03-04 15:15:18,653 INFO 15732 [egg-schedule]: register schedule C:\Users\Administrator\Desktop\RundeGit\JustEggJs\egg-example\node_modules\_egg-multipart@2.10.1@egg-multipart\app\schedule\clean_tmpdir.js
2020-03-04 15:15:18,653 INFO 15732 [egg-schedule]: register schedule C:\Users\Administrator\Desktop\RundeGit\JustEggJs\egg-example\node_modules\_egg-logrotator@3.1.0@egg-logrotator\app\schedule\clean_log.js
2020-03-04 15:15:18,653 INFO 15732 [egg-schedule]: register schedule C:\Users\Administrator\Desktop\RundeGit\JustEggJs\egg-example\node_modules\_egg-logrotator@3.1.0@egg-logrotator\app\schedule\rotate_by_file.js
2020-03-04 15:15:21,089 INFO 15588 [egg-schedule]: register schedule C:\Users\Administrator\Desktop\RundeGit\JustEggJs\egg-example\node_modules\_egg-multipart@2.10.1@egg-multipart\app\schedule\clean_tmpdir.js
2020-03-04 15:15:21,089 INFO 15588 [egg-schedule]: register schedule C:\Users\Administrator\Desktop\RundeGit\JustEggJs\egg-example\node_modules\_egg-logrotator@3.1.0@egg-logrotator\app\schedule\clean_log.js
2020-03-04 15:15:21,089 INFO 15588 [egg-schedule]: register schedule C:\Users\Administrator\Desktop\RundeGit\JustEggJs\egg-example\node_modules\_egg-logrotator@3.1.0@egg-logrotator\app\schedule\rotate_by_file.js
2020-03-04 15:16:55,129 INFO 11924 [egg-schedule]: register schedule C:\Users\Administrator\Desktop\RundeGit\JustEggJs\egg-example\node_modules\_egg-multipart@2.10.1@egg-multipart\app\schedule\clean_tmpdir.js
2020-03-04 15:16:55,129 INFO 11924 [egg-schedule]: register schedule C:\Users\Administrator\Desktop\RundeGit\JustEggJs\egg-example\node_modules\_egg-logrotator@3.1.0@egg-logrotator\app\schedule\clean_log.js
2020-03-04 15:16:55,129 INFO 11924 [egg-schedule]: register schedule C:\Users\Administrator\Desktop\RundeGit\JustEggJs\egg-example\node_modules\_egg-logrotator@3.1.0@egg-logrotator\app\schedule\rotate_by_file.js
2020-03-04 15:16:58,709 INFO 2864 [egg-schedule]: register schedule C:\Users\Administrator\Desktop\RundeGit\JustEggJs\egg-example\node_modules\_egg-multipart@2.10.1@egg-multipart\app\schedule\clean_tmpdir.js
2020-03-04 15:16:58,709 INFO 2864 [egg-schedule]: register schedule C:\Users\Administrator\Desktop\RundeGit\JustEggJs\egg-example\node_modules\_egg-logrotator@3.1.0@egg-logrotator\app\schedule\clean_log.js
2020-03-04 15:16:58,709 INFO 2864 [egg-schedule]: register schedule C:\Users\Administrator\Desktop\RundeGit\JustEggJs\egg-example\node_modules\_egg-logrotator@3.1.0@egg-logrotator\app\schedule\rotate_by_file.js
2020-03-04 15:19:10,879 INFO 7668 [Timer] C:\Users\Administrator\Desktop\RundeGit\JustEggJs\egg-example\node_modules\_egg-multipart@2.10.1@egg-multipart\app\schedule\clean_tmpdir.js next time will execute after 47449124ms at 2020-03-05 04:30:00.003
2020-03-04 15:19:10,880 INFO 7668 [Timer] C:\Users\Administrator\Desktop\RundeGit\JustEggJs\egg-example\node_modules\_egg-logrotator@3.1.0@egg-logrotator\app\schedule\clean_log.js next time will execute after 31249120ms at 2020-03-05 00:00:00.000
2020-03-04 15:19:10,880 INFO 7668 [Timer] C:\Users\Administrator\Desktop\RundeGit\JustEggJs\egg-example\node_modules\_egg-logrotator@3.1.0@egg-logrotator\app\schedule\rotate_by_file.js next time will execute after 31250120ms at 2020-03-05 00:00:01.000
2020-03-04 15:19:10,412 INFO 3228 [egg-schedule]: register schedule C:\Users\Administrator\Desktop\RundeGit\JustEggJs\egg-example\node_modules\_egg-multipart@2.10.1@egg-multipart\app\schedule\clean_tmpdir.js
2020-03-04 15:19:10,412 INFO 3228 [egg-schedule]: register schedule C:\Users\Administrator\Desktop\RundeGit\JustEggJs\egg-example\node_modules\_egg-logrotator@3.1.0@egg-logrotator\app\schedule\clean_log.js
2020-03-04 15:19:10,412 INFO 3228 [egg-schedule]: register schedule C:\Users\Administrator\Desktop\RundeGit\JustEggJs\egg-example\node_modules\_egg-logrotator@3.1.0@egg-logrotator\app\schedule\rotate_by_file.js
2020-03-04 15:27:05,989 INFO 8532 [egg-schedule]: register schedule C:\Users\Administrator\Desktop\RundeGit\JustEggJs\egg-example\node_modules\_egg-multipart@2.10.1@egg-multipart\app\schedule\clean_tmpdir.js
2020-03-04 15:27:05,989 INFO 8532 [egg-schedule]: register schedule C:\Users\Administrator\Desktop\RundeGit\JustEggJs\egg-example\node_modules\_egg-logrotator@3.1.0@egg-logrotator\app\schedule\clean_log.js
2020-03-04 15:27:05,989 INFO 8532 [egg-schedule]: register schedule C:\Users\Administrator\Desktop\RundeGit\JustEggJs\egg-example\node_modules\_egg-logrotator@3.1.0@egg-logrotator\app\schedule\rotate_by_file.js
2020-03-04 15:27:08,785 INFO 16320 [egg-schedule]: register schedule C:\Users\Administrator\Desktop\RundeGit\JustEggJs\egg-example\node_modules\_egg-multipart@2.10.1@egg-multipart\app\schedule\clean_tmpdir.js
2020-03-04 15:27:08,785 INFO 16320 [egg-schedule]: register schedule C:\Users\Administrator\Desktop\RundeGit\JustEggJs\egg-example\node_modules\_egg-logrotator@3.1.0@egg-logrotator\app\schedule\clean_log.js
2020-03-04 15:27:08,785 INFO 16320 [egg-schedule]: register schedule C:\Users\Administrator\Desktop\RundeGit\JustEggJs\egg-example\node_modules\_egg-logrotator@3.1.0@egg-logrotator\app\schedule\rotate_by_file.js
2020-03-04 15:27:29,012 INFO 4820 [egg-schedule]: register schedule C:\Users\Administrator\Desktop\RundeGit\JustEggJs\egg-example\node_modules\_egg-multipart@2.10.1@egg-multipart\app\schedule\clean_tmpdir.js
2020-03-04 15:27:29,012 INFO 4820 [egg-schedule]: register schedule C:\Users\Administrator\Desktop\RundeGit\JustEggJs\egg-example\node_modules\_egg-logrotator@3.1.0@egg-logrotator\app\schedule\clean_log.js
2020-03-04 15:27:29,012 INFO 4820 [egg-schedule]: register schedule C:\Users\Administrator\Desktop\RundeGit\JustEggJs\egg-example\node_modules\_egg-logrotator@3.1.0@egg-logrotator\app\schedule\rotate_by_file.js
2020-03-04 15:28:30,566 INFO 14620 [egg-schedule]: register schedule C:\Users\Administrator\Desktop\RundeGit\JustEggJs\egg-example\node_modules\_egg-multipart@2.10.1@egg-multipart\app\schedule\clean_tmpdir.js
2020-03-04 15:28:30,566 INFO 14620 [egg-schedule]: register schedule C:\Users\Administrator\Desktop\RundeGit\JustEggJs\egg-example\node_modules\_egg-logrotator@3.1.0@egg-logrotator\app\schedule\clean_log.js
2020-03-04 15:28:30,566 INFO 14620 [egg-schedule]: register schedule C:\Users\Administrator\Desktop\RundeGit\JustEggJs\egg-example\node_modules\_egg-logrotator@3.1.0@egg-logrotator\app\schedule\rotate_by_file.js
2020-03-04 15:28:42,641 INFO 13196 [egg-schedule]: register schedule C:\Users\Administrator\Desktop\RundeGit\JustEggJs\egg-example\node_modules\_egg-multipart@2.10.1@egg-multipart\app\schedule\clean_tmpdir.js
2020-03-04 15:28:42,641 INFO 13196 [egg-schedule]: register schedule C:\Users\Administrator\Desktop\RundeGit\JustEggJs\egg-example\node_modules\_egg-logrotator@3.1.0@egg-logrotator\app\schedule\clean_log.js
2020-03-04 15:28:42,641 INFO 13196 [egg-schedule]: register schedule C:\Users\Administrator\Desktop\RundeGit\JustEggJs\egg-example\node_modules\_egg-logrotator@3.1.0@egg-logrotator\app\schedule\rotate_by_file.js
2020-03-04 15:28:45,187 INFO 15788 [egg-schedule]: register schedule C:\Users\Administrator\Desktop\RundeGit\JustEggJs\egg-example\node_modules\_egg-multipart@2.10.1@egg-multipart\app\schedule\clean_tmpdir.js
2020-03-04 15:28:45,187 INFO 15788 [egg-schedule]: register schedule C:\Users\Administrator\Desktop\RundeGit\JustEggJs\egg-example\node_modules\_egg-logrotator@3.1.0@egg-logrotator\app\schedule\clean_log.js
2020-03-04 15:28:45,187 INFO 15788 [egg-schedule]: register schedule C:\Users\Administrator\Desktop\RundeGit\JustEggJs\egg-example\node_modules\_egg-logrotator@3.1.0@egg-logrotator\app\schedule\rotate_by_file.js
2020-03-04 15:29:01,033 INFO 13540 [egg-schedule]: register schedule C:\Users\Administrator\Desktop\RundeGit\JustEggJs\egg-example\node_modules\_egg-multipart@2.10.1@egg-multipart\app\schedule\clean_tmpdir.js
2020-03-04 15:29:01,033 INFO 13540 [egg-schedule]: register schedule C:\Users\Administrator\Desktop\RundeGit\JustEggJs\egg-example\node_modules\_egg-logrotator@3.1.0@egg-logrotator\app\schedule\clean_log.js
2020-03-04 15:29:01,033 INFO 13540 [egg-schedule]: register schedule C:\Users\Administrator\Desktop\RundeGit\JustEggJs\egg-example\node_modules\_egg-logrotator@3.1.0@egg-logrotator\app\schedule\rotate_by_file.js
2020-03-04 15:29:02,703 INFO 8408 [egg-schedule]: register schedule C:\Users\Administrator\Desktop\RundeGit\JustEggJs\egg-example\node_modules\_egg-multipart@2.10.1@egg-multipart\app\schedule\clean_tmpdir.js
2020-03-04 15:29:02,703 INFO 8408 [egg-schedule]: register schedule C:\Users\Administrator\Desktop\RundeGit\JustEggJs\egg-example\node_modules\_egg-logrotator@3.1.0@egg-logrotator\app\schedule\clean_log.js
2020-03-04 15:29:02,703 INFO 8408 [egg-schedule]: register schedule C:\Users\Administrator\Desktop\RundeGit\JustEggJs\egg-example\node_modules\_egg-logrotator@3.1.0@egg-logrotator\app\schedule\rotate_by_file.js
2020-03-04 15:29:15,748 INFO 12444 [egg-schedule]: register schedule C:\Users\Administrator\Desktop\RundeGit\JustEggJs\egg-example\node_modules\_egg-multipart@2.10.1@egg-multipart\app\schedule\clean_tmpdir.js
2020-03-04 15:29:15,748 INFO 12444 [egg-schedule]: register schedule C:\Users\Administrator\Desktop\RundeGit\JustEggJs\egg-example\node_modules\_egg-logrotator@3.1.0@egg-logrotator\app\schedule\clean_log.js
2020-03-04 15:29:15,748 INFO 12444 [egg-schedule]: register schedule C:\Users\Administrator\Desktop\RundeGit\JustEggJs\egg-example\node_modules\_egg-logrotator@3.1.0@egg-logrotator\app\schedule\rotate_by_file.js
2020-03-04 15:29:18,498 INFO 3416 [egg-schedule]: register schedule C:\Users\Administrator\Desktop\RundeGit\JustEggJs\egg-example\node_modules\_egg-multipart@2.10.1@egg-multipart\app\schedule\clean_tmpdir.js
2020-03-04 15:29:18,498 INFO 3416 [egg-schedule]: register schedule C:\Users\Administrator\Desktop\RundeGit\JustEggJs\egg-example\node_modules\_egg-logrotator@3.1.0@egg-logrotator\app\schedule\clean_log.js
2020-03-04 15:29:18,498 INFO 3416 [egg-schedule]: register schedule C:\Users\Administrator\Desktop\RundeGit\JustEggJs\egg-example\node_modules\_egg-logrotator@3.1.0@egg-logrotator\app\schedule\rotate_by_file.js
2020-03-04 15:29:32,286 INFO 13428 [egg-schedule]: register schedule C:\Users\Administrator\Desktop\RundeGit\JustEggJs\egg-example\node_modules\_egg-multipart@2.10.1@egg-multipart\app\schedule\clean_tmpdir.js
2020-03-04 15:29:32,286 INFO 13428 [egg-schedule]: register schedule C:\Users\Administrator\Desktop\RundeGit\JustEggJs\egg-example\node_modules\_egg-logrotator@3.1.0@egg-logrotator\app\schedule\clean_log.js
2020-03-04 15:29:32,286 INFO 13428 [egg-schedule]: register schedule C:\Users\Administrator\Desktop\RundeGit\JustEggJs\egg-example\node_modules\_egg-logrotator@3.1.0@egg-logrotator\app\schedule\rotate_by_file.js
2020-03-04 15:31:29,767 INFO 16304 [egg-schedule]: register schedule C:\Users\Administrator\Desktop\RundeGit\JustEggJs\egg-example\node_modules\_egg-multipart@2.10.1@egg-multipart\app\schedule\clean_tmpdir.js
2020-03-04 15:31:29,767 INFO 16304 [egg-schedule]: register schedule C:\Users\Administrator\Desktop\RundeGit\JustEggJs\egg-example\node_modules\_egg-logrotator@3.1.0@egg-logrotator\app\schedule\clean_log.js
2020-03-04 15:31:29,767 INFO 16304 [egg-schedule]: register schedule C:\Users\Administrator\Desktop\RundeGit\JustEggJs\egg-example\node_modules\_egg-logrotator@3.1.0@egg-logrotator\app\schedule\rotate_by_file.js
2020-03-04 15:31:32,580 INFO 16308 [egg-schedule]: register schedule C:\Users\Administrator\Desktop\RundeGit\JustEggJs\egg-example\node_modules\_egg-multipart@2.10.1@egg-multipart\app\schedule\clean_tmpdir.js
2020-03-04 15:31:32,580 INFO 16308 [egg-schedule]: register schedule C:\Users\Administrator\Desktop\RundeGit\JustEggJs\egg-example\node_modules\_egg-logrotator@3.1.0@egg-logrotator\app\schedule\clean_log.js
2020-03-04 15:31:32,580 INFO 16308 [egg-schedule]: register schedule C:\Users\Administrator\Desktop\RundeGit\JustEggJs\egg-example\node_modules\_egg-logrotator@3.1.0@egg-logrotator\app\schedule\rotate_by_file.js
2020-03-04 15:33:34,846 INFO 12016 [egg-schedule]: register schedule C:\Users\Administrator\Desktop\RundeGit\JustEggJs\egg-example\node_modules\_egg-multipart@2.10.1@egg-multipart\app\schedule\clean_tmpdir.js
2020-03-04 15:33:34,846 INFO 12016 [egg-schedule]: register schedule C:\Users\Administrator\Desktop\RundeGit\JustEggJs\egg-example\node_modules\_egg-logrotator@3.1.0@egg-logrotator\app\schedule\clean_log.js
2020-03-04 15:33:34,846 INFO 12016 [egg-schedule]: register schedule C:\Users\Administrator\Desktop\RundeGit\JustEggJs\egg-example\node_modules\_egg-logrotator@3.1.0@egg-logrotator\app\schedule\rotate_by_file.js
2020-03-04 15:33:48,286 INFO 12568 [Timer] C:\Users\Administrator\Desktop\RundeGit\JustEggJs\egg-example\node_modules\_egg-multipart@2.10.1@egg-multipart\app\schedule\clean_tmpdir.js next time will execute after 46571717ms at 2020-03-05 04:30:00.003
2020-03-04 15:33:48,287 INFO 12568 [Timer] C:\Users\Administrator\Desktop\RundeGit\JustEggJs\egg-example\node_modules\_egg-logrotator@3.1.0@egg-logrotator\app\schedule\clean_log.js next time will execute after 30371714ms at 2020-03-05 00:00:00.001
2020-03-04 15:33:48,287 INFO 12568 [Timer] C:\Users\Administrator\Desktop\RundeGit\JustEggJs\egg-example\node_modules\_egg-logrotator@3.1.0@egg-logrotator\app\schedule\rotate_by_file.js next time will execute after 30372713ms at 2020-03-05 00:00:01.000
2020-03-04 15:33:48,136 INFO 11752 [egg-schedule]: register schedule C:\Users\Administrator\Desktop\RundeGit\JustEggJs\egg-example\node_modules\_egg-multipart@2.10.1@egg-multipart\app\schedule\clean_tmpdir.js
2020-03-04 15:33:48,136 INFO 11752 [egg-schedule]: register schedule C:\Users\Administrator\Desktop\RundeGit\JustEggJs\egg-example\node_modules\_egg-logrotator@3.1.0@egg-logrotator\app\schedule\clean_log.js
2020-03-04 15:33:48,136 INFO 11752 [egg-schedule]: register schedule C:\Users\Administrator\Desktop\RundeGit\JustEggJs\egg-example\node_modules\_egg-logrotator@3.1.0@egg-logrotator\app\schedule\rotate_by_file.js
2020-03-04 15:34:18,799 INFO 8732 [egg-schedule]: register schedule C:\Users\Administrator\Desktop\RundeGit\JustEggJs\egg-example\node_modules\_egg-multipart@2.10.1@egg-multipart\app\schedule\clean_tmpdir.js
2020-03-04 15:34:18,799 INFO 8732 [egg-schedule]: register schedule C:\Users\Administrator\Desktop\RundeGit\JustEggJs\egg-example\node_modules\_egg-logrotator@3.1.0@egg-logrotator\app\schedule\clean_log.js
2020-03-04 15:34:18,799 INFO 8732 [egg-schedule]: register schedule C:\Users\Administrator\Desktop\RundeGit\JustEggJs\egg-example\node_modules\_egg-logrotator@3.1.0@egg-logrotator\app\schedule\rotate_by_file.js
2020-03-04 15:34:25,680 INFO 2744 [egg-schedule]: register schedule C:\Users\Administrator\Desktop\RundeGit\JustEggJs\egg-example\node_modules\_egg-multipart@2.10.1@egg-multipart\app\schedule\clean_tmpdir.js
2020-03-04 15:34:25,680 INFO 2744 [egg-schedule]: register schedule C:\Users\Administrator\Desktop\RundeGit\JustEggJs\egg-example\node_modules\_egg-logrotator@3.1.0@egg-logrotator\app\schedule\clean_log.js
2020-03-04 15:34:25,680 INFO 2744 [egg-schedule]: register schedule C:\Users\Administrator\Desktop\RundeGit\JustEggJs\egg-example\node_modules\_egg-logrotator@3.1.0@egg-logrotator\app\schedule\rotate_by_file.js
2020-03-04 15:34:28,049 INFO 3272 [egg-schedule]: register schedule C:\Users\Administrator\Desktop\RundeGit\JustEggJs\egg-example\node_modules\_egg-multipart@2.10.1@egg-multipart\app\schedule\clean_tmpdir.js
2020-03-04 15:34:28,049 INFO 3272 [egg-schedule]: register schedule C:\Users\Administrator\Desktop\RundeGit\JustEggJs\egg-example\node_modules\_egg-logrotator@3.1.0@egg-logrotator\app\schedule\clean_log.js
2020-03-04 15:34:28,049 INFO 3272 [egg-schedule]: register schedule C:\Users\Administrator\Desktop\RundeGit\JustEggJs\egg-example\node_modules\_egg-logrotator@3.1.0@egg-logrotator\app\schedule\rotate_by_file.js
2020-03-04 15:35:29,462 INFO 16144 [egg-schedule]: register schedule C:\Users\Administrator\Desktop\RundeGit\JustEggJs\egg-example\node_modules\_egg-multipart@2.10.1@egg-multipart\app\schedule\clean_tmpdir.js
2020-03-04 15:35:29,462 INFO 16144 [egg-schedule]: register schedule C:\Users\Administrator\Desktop\RundeGit\JustEggJs\egg-example\node_modules\_egg-logrotator@3.1.0@egg-logrotator\app\schedule\clean_log.js
2020-03-04 15:35:29,462 INFO 16144 [egg-schedule]: register schedule C:\Users\Administrator\Desktop\RundeGit\JustEggJs\egg-example\node_modules\_egg-logrotator@3.1.0@egg-logrotator\app\schedule\rotate_by_file.js
2020-03-04 15:35:31,650 INFO 5736 [egg-schedule]: register schedule C:\Users\Administrator\Desktop\RundeGit\JustEggJs\egg-example\node_modules\_egg-multipart@2.10.1@egg-multipart\app\schedule\clean_tmpdir.js
2020-03-04 15:35:31,650 INFO 5736 [egg-schedule]: register schedule C:\Users\Administrator\Desktop\RundeGit\JustEggJs\egg-example\node_modules\_egg-logrotator@3.1.0@egg-logrotator\app\schedule\clean_log.js
2020-03-04 15:35:31,650 INFO 5736 [egg-schedule]: register schedule C:\Users\Administrator\Desktop\RundeGit\JustEggJs\egg-example\node_modules\_egg-logrotator@3.1.0@egg-logrotator\app\schedule\rotate_by_file.js
2020-03-04 15:35:34,809 INFO 5124 [egg-schedule]: register schedule C:\Users\Administrator\Desktop\RundeGit\JustEggJs\egg-example\node_modules\_egg-multipart@2.10.1@egg-multipart\app\schedule\clean_tmpdir.js
2020-03-04 15:35:34,809 INFO 5124 [egg-schedule]: register schedule C:\Users\Administrator\Desktop\RundeGit\JustEggJs\egg-example\node_modules\_egg-logrotator@3.1.0@egg-logrotator\app\schedule\clean_log.js
2020-03-04 15:35:34,809 INFO 5124 [egg-schedule]: register schedule C:\Users\Administrator\Desktop\RundeGit\JustEggJs\egg-example\node_modules\_egg-logrotator@3.1.0@egg-logrotator\app\schedule\rotate_by_file.js
2020-03-04 15:35:37,407 INFO 7856 [egg-schedule]: register schedule C:\Users\Administrator\Desktop\RundeGit\JustEggJs\egg-example\node_modules\_egg-multipart@2.10.1@egg-multipart\app\schedule\clean_tmpdir.js
2020-03-04 15:35:37,407 INFO 7856 [egg-schedule]: register schedule C:\Users\Administrator\Desktop\RundeGit\JustEggJs\egg-example\node_modules\_egg-logrotator@3.1.0@egg-logrotator\app\schedule\clean_log.js
2020-03-04 15:35:37,407 INFO 7856 [egg-schedule]: register schedule C:\Users\Administrator\Desktop\RundeGit\JustEggJs\egg-example\node_modules\_egg-logrotator@3.1.0@egg-logrotator\app\schedule\rotate_by_file.js
2020-03-04 15:35:47,560 INFO 13116 [egg-schedule]: register schedule C:\Users\Administrator\Desktop\RundeGit\JustEggJs\egg-example\node_modules\_egg-multipart@2.10.1@egg-multipart\app\schedule\clean_tmpdir.js
2020-03-04 15:35:47,560 INFO 13116 [egg-schedule]: register schedule C:\Users\Administrator\Desktop\RundeGit\JustEggJs\egg-example\node_modules\_egg-logrotator@3.1.0@egg-logrotator\app\schedule\clean_log.js
2020-03-04 15:35:47,560 INFO 13116 [egg-schedule]: register schedule C:\Users\Administrator\Desktop\RundeGit\JustEggJs\egg-example\node_modules\_egg-logrotator@3.1.0@egg-logrotator\app\schedule\rotate_by_file.js
2020-03-04 15:35:49,920 INFO 3032 [egg-schedule]: register schedule C:\Users\Administrator\Desktop\RundeGit\JustEggJs\egg-example\node_modules\_egg-multipart@2.10.1@egg-multipart\app\schedule\clean_tmpdir.js
2020-03-04 15:35:49,920 INFO 3032 [egg-schedule]: register schedule C:\Users\Administrator\Desktop\RundeGit\JustEggJs\egg-example\node_modules\_egg-logrotator@3.1.0@egg-logrotator\app\schedule\clean_log.js
2020-03-04 15:35:49,920 INFO 3032 [egg-schedule]: register schedule C:\Users\Administrator\Desktop\RundeGit\JustEggJs\egg-example\node_modules\_egg-logrotator@3.1.0@egg-logrotator\app\schedule\rotate_by_file.js
2020-03-04 15:36:00,749 INFO 13920 [egg-schedule]: register schedule C:\Users\Administrator\Desktop\RundeGit\JustEggJs\egg-example\node_modules\_egg-multipart@2.10.1@egg-multipart\app\schedule\clean_tmpdir.js
2020-03-04 15:36:00,749 INFO 13920 [egg-schedule]: register schedule C:\Users\Administrator\Desktop\RundeGit\JustEggJs\egg-example\node_modules\_egg-logrotator@3.1.0@egg-logrotator\app\schedule\clean_log.js
2020-03-04 15:36:00,749 INFO 13920 [egg-schedule]: register schedule C:\Users\Administrator\Desktop\RundeGit\JustEggJs\egg-example\node_modules\_egg-logrotator@3.1.0@egg-logrotator\app\schedule\rotate_by_file.js
2020-03-04 15:36:02,608 INFO 6776 [egg-schedule]: register schedule C:\Users\Administrator\Desktop\RundeGit\JustEggJs\egg-example\node_modules\_egg-multipart@2.10.1@egg-multipart\app\schedule\clean_tmpdir.js
2020-03-04 15:36:02,609 INFO 6776 [egg-schedule]: register schedule C:\Users\Administrator\Desktop\RundeGit\JustEggJs\egg-example\node_modules\_egg-logrotator@3.1.0@egg-logrotator\app\schedule\clean_log.js
2020-03-04 15:36:02,609 INFO 6776 [egg-schedule]: register schedule C:\Users\Administrator\Desktop\RundeGit\JustEggJs\egg-example\node_modules\_egg-logrotator@3.1.0@egg-logrotator\app\schedule\rotate_by_file.js
2020-03-04 15:36:26,805 INFO 4244 [egg-schedule]: register schedule C:\Users\Administrator\Desktop\RundeGit\JustEggJs\egg-example\node_modules\_egg-multipart@2.10.1@egg-multipart\app\schedule\clean_tmpdir.js
2020-03-04 15:36:26,805 INFO 4244 [egg-schedule]: register schedule C:\Users\Administrator\Desktop\RundeGit\JustEggJs\egg-example\node_modules\_egg-logrotator@3.1.0@egg-logrotator\app\schedule\clean_log.js
2020-03-04 15:36:26,805 INFO 4244 [egg-schedule]: register schedule C:\Users\Administrator\Desktop\RundeGit\JustEggJs\egg-example\node_modules\_egg-logrotator@3.1.0@egg-logrotator\app\schedule\rotate_by_file.js
2020-03-04 15:36:29,763 INFO 5280 [egg-schedule]: register schedule C:\Users\Administrator\Desktop\RundeGit\JustEggJs\egg-example\node_modules\_egg-multipart@2.10.1@egg-multipart\app\schedule\clean_tmpdir.js
2020-03-04 15:36:29,763 INFO 5280 [egg-schedule]: register schedule C:\Users\Administrator\Desktop\RundeGit\JustEggJs\egg-example\node_modules\_egg-logrotator@3.1.0@egg-logrotator\app\schedule\clean_log.js
2020-03-04 15:36:29,763 INFO 5280 [egg-schedule]: register schedule C:\Users\Administrator\Desktop\RundeGit\JustEggJs\egg-example\node_modules\_egg-logrotator@3.1.0@egg-logrotator\app\schedule\rotate_by_file.js
2020-03-04 15:36:34,016 INFO 13396 [egg-schedule]: register schedule C:\Users\Administrator\Desktop\RundeGit\JustEggJs\egg-example\node_modules\_egg-multipart@2.10.1@egg-multipart\app\schedule\clean_tmpdir.js
2020-03-04 15:36:34,016 INFO 13396 [egg-schedule]: register schedule C:\Users\Administrator\Desktop\RundeGit\JustEggJs\egg-example\node_modules\_egg-logrotator@3.1.0@egg-logrotator\app\schedule\clean_log.js
2020-03-04 15:36:34,016 INFO 13396 [egg-schedule]: register schedule C:\Users\Administrator\Desktop\RundeGit\JustEggJs\egg-example\node_modules\_egg-logrotator@3.1.0@egg-logrotator\app\schedule\rotate_by_file.js
2020-03-04 15:36:37,509 INFO 6684 [egg-schedule]: register schedule C:\Users\Administrator\Desktop\RundeGit\JustEggJs\egg-example\node_modules\_egg-multipart@2.10.1@egg-multipart\app\schedule\clean_tmpdir.js
2020-03-04 15:36:37,509 INFO 6684 [egg-schedule]: register schedule C:\Users\Administrator\Desktop\RundeGit\JustEggJs\egg-example\node_modules\_egg-logrotator@3.1.0@egg-logrotator\app\schedule\clean_log.js
2020-03-04 15:36:37,509 INFO 6684 [egg-schedule]: register schedule C:\Users\Administrator\Desktop\RundeGit\JustEggJs\egg-example\node_modules\_egg-logrotator@3.1.0@egg-logrotator\app\schedule\rotate_by_file.js
2020-03-04 15:36:40,714 INFO 14368 [egg-schedule]: register schedule C:\Users\Administrator\Desktop\RundeGit\JustEggJs\egg-example\node_modules\_egg-multipart@2.10.1@egg-multipart\app\schedule\clean_tmpdir.js
2020-03-04 15:36:40,714 INFO 14368 [egg-schedule]: register schedule C:\Users\Administrator\Desktop\RundeGit\JustEggJs\egg-example\node_modules\_egg-logrotator@3.1.0@egg-logrotator\app\schedule\clean_log.js
2020-03-04 15:36:40,714 INFO 14368 [egg-schedule]: register schedule C:\Users\Administrator\Desktop\RundeGit\JustEggJs\egg-example\node_modules\_egg-logrotator@3.1.0@egg-logrotator\app\schedule\rotate_by_file.js
2020-03-04 15:36:42,878 INFO 3240 [egg-schedule]: register schedule C:\Users\Administrator\Desktop\RundeGit\JustEggJs\egg-example\node_modules\_egg-multipart@2.10.1@egg-multipart\app\schedule\clean_tmpdir.js
2020-03-04 15:36:42,878 INFO 3240 [egg-schedule]: register schedule C:\Users\Administrator\Desktop\RundeGit\JustEggJs\egg-example\node_modules\_egg-logrotator@3.1.0@egg-logrotator\app\schedule\clean_log.js
2020-03-04 15:36:42,878 INFO 3240 [egg-schedule]: register schedule C:\Users\Administrator\Desktop\RundeGit\JustEggJs\egg-example\node_modules\_egg-logrotator@3.1.0@egg-logrotator\app\schedule\rotate_by_file.js
2020-03-04 15:36:47,407 INFO 5928 [egg-schedule]: register schedule C:\Users\Administrator\Desktop\RundeGit\JustEggJs\egg-example\node_modules\_egg-multipart@2.10.1@egg-multipart\app\schedule\clean_tmpdir.js
2020-03-04 15:36:47,407 INFO 5928 [egg-schedule]: register schedule C:\Users\Administrator\Desktop\RundeGit\JustEggJs\egg-example\node_modules\_egg-logrotator@3.1.0@egg-logrotator\app\schedule\clean_log.js
2020-03-04 15:36:47,407 INFO 5928 [egg-schedule]: register schedule C:\Users\Administrator\Desktop\RundeGit\JustEggJs\egg-example\node_modules\_egg-logrotator@3.1.0@egg-logrotator\app\schedule\rotate_by_file.js
2020-03-04 15:36:50,388 INFO 15480 [egg-schedule]: register schedule C:\Users\Administrator\Desktop\RundeGit\JustEggJs\egg-example\node_modules\_egg-multipart@2.10.1@egg-multipart\app\schedule\clean_tmpdir.js
2020-03-04 15:36:50,388 INFO 15480 [egg-schedule]: register schedule C:\Users\Administrator\Desktop\RundeGit\JustEggJs\egg-example\node_modules\_egg-logrotator@3.1.0@egg-logrotator\app\schedule\clean_log.js
2020-03-04 15:36:50,388 INFO 15480 [egg-schedule]: register schedule C:\Users\Administrator\Desktop\RundeGit\JustEggJs\egg-example\node_modules\_egg-logrotator@3.1.0@egg-logrotator\app\schedule\rotate_by_file.js
2020-03-04 15:36:53,841 INFO 9780 [egg-schedule]: register schedule C:\Users\Administrator\Desktop\RundeGit\JustEggJs\egg-example\node_modules\_egg-multipart@2.10.1@egg-multipart\app\schedule\clean_tmpdir.js
2020-03-04 15:36:53,841 INFO 9780 [egg-schedule]: register schedule C:\Users\Administrator\Desktop\RundeGit\JustEggJs\egg-example\node_modules\_egg-logrotator@3.1.0@egg-logrotator\app\schedule\clean_log.js
2020-03-04 15:36:53,841 INFO 9780 [egg-schedule]: register schedule C:\Users\Administrator\Desktop\RundeGit\JustEggJs\egg-example\node_modules\_egg-logrotator@3.1.0@egg-logrotator\app\schedule\rotate_by_file.js
2020-03-04 15:36:55,762 INFO 1948 [egg-schedule]: register schedule C:\Users\Administrator\Desktop\RundeGit\JustEggJs\egg-example\node_modules\_egg-multipart@2.10.1@egg-multipart\app\schedule\clean_tmpdir.js
2020-03-04 15:36:55,762 INFO 1948 [egg-schedule]: register schedule C:\Users\Administrator\Desktop\RundeGit\JustEggJs\egg-example\node_modules\_egg-logrotator@3.1.0@egg-logrotator\app\schedule\clean_log.js
2020-03-04 15:36:55,762 INFO 1948 [egg-schedule]: register schedule C:\Users\Administrator\Desktop\RundeGit\JustEggJs\egg-example\node_modules\_egg-logrotator@3.1.0@egg-logrotator\app\schedule\rotate_by_file.js
2020-03-04 15:37:00,610 INFO 14308 [egg-schedule]: register schedule C:\Users\Administrator\Desktop\RundeGit\JustEggJs\egg-example\node_modules\_egg-multipart@2.10.1@egg-multipart\app\schedule\clean_tmpdir.js
2020-03-04 15:37:00,610 INFO 14308 [egg-schedule]: register schedule C:\Users\Administrator\Desktop\RundeGit\JustEggJs\egg-example\node_modules\_egg-logrotator@3.1.0@egg-logrotator\app\schedule\clean_log.js
2020-03-04 15:37:00,610 INFO 14308 [egg-schedule]: register schedule C:\Users\Administrator\Desktop\RundeGit\JustEggJs\egg-example\node_modules\_egg-logrotator@3.1.0@egg-logrotator\app\schedule\rotate_by_file.js
2020-03-04 15:37:03,639 INFO 16156 [egg-schedule]: register schedule C:\Users\Administrator\Desktop\RundeGit\JustEggJs\egg-example\node_modules\_egg-multipart@2.10.1@egg-multipart\app\schedule\clean_tmpdir.js
2020-03-04 15:37:03,639 INFO 16156 [egg-schedule]: register schedule C:\Users\Administrator\Desktop\RundeGit\JustEggJs\egg-example\node_modules\_egg-logrotator@3.1.0@egg-logrotator\app\schedule\clean_log.js
2020-03-04 15:37:03,639 INFO 16156 [egg-schedule]: register schedule C:\Users\Administrator\Desktop\RundeGit\JustEggJs\egg-example\node_modules\_egg-logrotator@3.1.0@egg-logrotator\app\schedule\rotate_by_file.js
2020-03-04 15:37:05,423 INFO 9980 [egg-schedule]: register schedule C:\Users\Administrator\Desktop\RundeGit\JustEggJs\egg-example\node_modules\_egg-multipart@2.10.1@egg-multipart\app\schedule\clean_tmpdir.js
2020-03-04 15:37:05,423 INFO 9980 [egg-schedule]: register schedule C:\Users\Administrator\Desktop\RundeGit\JustEggJs\egg-example\node_modules\_egg-logrotator@3.1.0@egg-logrotator\app\schedule\clean_log.js
2020-03-04 15:37:05,423 INFO 9980 [egg-schedule]: register schedule C:\Users\Administrator\Desktop\RundeGit\JustEggJs\egg-example\node_modules\_egg-logrotator@3.1.0@egg-logrotator\app\schedule\rotate_by_file.js
2020-03-04 15:37:09,879 INFO 2760 [egg-schedule]: register schedule C:\Users\Administrator\Desktop\RundeGit\JustEggJs\egg-example\node_modules\_egg-multipart@2.10.1@egg-multipart\app\schedule\clean_tmpdir.js
2020-03-04 15:37:09,879 INFO 2760 [egg-schedule]: register schedule C:\Users\Administrator\Desktop\RundeGit\JustEggJs\egg-example\node_modules\_egg-logrotator@3.1.0@egg-logrotator\app\schedule\clean_log.js
2020-03-04 15:37:09,879 INFO 2760 [egg-schedule]: register schedule C:\Users\Administrator\Desktop\RundeGit\JustEggJs\egg-example\node_modules\_egg-logrotator@3.1.0@egg-logrotator\app\schedule\rotate_by_file.js
2020-03-04 15:37:11,802 INFO 5172 [egg-schedule]: register schedule C:\Users\Administrator\Desktop\RundeGit\JustEggJs\egg-example\node_modules\_egg-multipart@2.10.1@egg-multipart\app\schedule\clean_tmpdir.js
2020-03-04 15:37:11,802 INFO 5172 [egg-schedule]: register schedule C:\Users\Administrator\Desktop\RundeGit\JustEggJs\egg-example\node_modules\_egg-logrotator@3.1.0@egg-logrotator\app\schedule\clean_log.js
2020-03-04 15:37:11,802 INFO 5172 [egg-schedule]: register schedule C:\Users\Administrator\Desktop\RundeGit\JustEggJs\egg-example\node_modules\_egg-logrotator@3.1.0@egg-logrotator\app\schedule\rotate_by_file.js
2020-03-04 15:37:14,763 INFO 12556 [egg-schedule]: register schedule C:\Users\Administrator\Desktop\RundeGit\JustEggJs\egg-example\node_modules\_egg-multipart@2.10.1@egg-multipart\app\schedule\clean_tmpdir.js
2020-03-04 15:37:14,763 INFO 12556 [egg-schedule]: register schedule C:\Users\Administrator\Desktop\RundeGit\JustEggJs\egg-example\node_modules\_egg-logrotator@3.1.0@egg-logrotator\app\schedule\clean_log.js
2020-03-04 15:37:14,763 INFO 12556 [egg-schedule]: register schedule C:\Users\Administrator\Desktop\RundeGit\JustEggJs\egg-example\node_modules\_egg-logrotator@3.1.0@egg-logrotator\app\schedule\rotate_by_file.js
2020-03-04 15:37:19,579 INFO 15384 [egg-schedule]: register schedule C:\Users\Administrator\Desktop\RundeGit\JustEggJs\egg-example\node_modules\_egg-multipart@2.10.1@egg-multipart\app\schedule\clean_tmpdir.js
2020-03-04 15:37:19,579 INFO 15384 [egg-schedule]: register schedule C:\Users\Administrator\Desktop\RundeGit\JustEggJs\egg-example\node_modules\_egg-logrotator@3.1.0@egg-logrotator\app\schedule\clean_log.js
2020-03-04 15:37:19,579 INFO 15384 [egg-schedule]: register schedule C:\Users\Administrator\Desktop\RundeGit\JustEggJs\egg-example\node_modules\_egg-logrotator@3.1.0@egg-logrotator\app\schedule\rotate_by_file.js
2020-03-04 15:37:24,963 INFO 13976 [egg-schedule]: register schedule C:\Users\Administrator\Desktop\RundeGit\JustEggJs\egg-example\node_modules\_egg-multipart@2.10.1@egg-multipart\app\schedule\clean_tmpdir.js
2020-03-04 15:37:24,963 INFO 13976 [egg-schedule]: register schedule C:\Users\Administrator\Desktop\RundeGit\JustEggJs\egg-example\node_modules\_egg-logrotator@3.1.0@egg-logrotator\app\schedule\clean_log.js
2020-03-04 15:37:24,963 INFO 13976 [egg-schedule]: register schedule C:\Users\Administrator\Desktop\RundeGit\JustEggJs\egg-example\node_modules\_egg-logrotator@3.1.0@egg-logrotator\app\schedule\rotate_by_file.js
2020-03-04 15:37:51,946 INFO 11296 [egg-schedule]: register schedule C:\Users\Administrator\Desktop\RundeGit\JustEggJs\egg-example\node_modules\_egg-multipart@2.10.1@egg-multipart\app\schedule\clean_tmpdir.js
2020-03-04 15:37:51,946 INFO 11296 [egg-schedule]: register schedule C:\Users\Administrator\Desktop\RundeGit\JustEggJs\egg-example\node_modules\_egg-logrotator@3.1.0@egg-logrotator\app\schedule\clean_log.js
2020-03-04 15:37:51,946 INFO 11296 [egg-schedule]: register schedule C:\Users\Administrator\Desktop\RundeGit\JustEggJs\egg-example\node_modules\_egg-logrotator@3.1.0@egg-logrotator\app\schedule\rotate_by_file.js
2020-03-04 15:38:04,922 INFO 1696 [egg-schedule]: register schedule C:\Users\Administrator\Desktop\RundeGit\JustEggJs\egg-example\node_modules\_egg-multipart@2.10.1@egg-multipart\app\schedule\clean_tmpdir.js
2020-03-04 15:38:04,922 INFO 1696 [egg-schedule]: register schedule C:\Users\Administrator\Desktop\RundeGit\JustEggJs\egg-example\node_modules\_egg-logrotator@3.1.0@egg-logrotator\app\schedule\clean_log.js
2020-03-04 15:38:04,922 INFO 1696 [egg-schedule]: register schedule C:\Users\Administrator\Desktop\RundeGit\JustEggJs\egg-example\node_modules\_egg-logrotator@3.1.0@egg-logrotator\app\schedule\rotate_by_file.js
2020-03-04 15:38:06,612 INFO 15660 [egg-schedule]: register schedule C:\Users\Administrator\Desktop\RundeGit\JustEggJs\egg-example\node_modules\_egg-multipart@2.10.1@egg-multipart\app\schedule\clean_tmpdir.js
2020-03-04 15:38:06,612 INFO 15660 [egg-schedule]: register schedule C:\Users\Administrator\Desktop\RundeGit\JustEggJs\egg-example\node_modules\_egg-logrotator@3.1.0@egg-logrotator\app\schedule\clean_log.js
2020-03-04 15:38:06,612 INFO 15660 [egg-schedule]: register schedule C:\Users\Administrator\Desktop\RundeGit\JustEggJs\egg-example\node_modules\_egg-logrotator@3.1.0@egg-logrotator\app\schedule\rotate_by_file.js
2020-03-04 15:38:08,772 INFO 14508 [egg-schedule]: register schedule C:\Users\Administrator\Desktop\RundeGit\JustEggJs\egg-example\node_modules\_egg-multipart@2.10.1@egg-multipart\app\schedule\clean_tmpdir.js
2020-03-04 15:38:08,772 INFO 14508 [egg-schedule]: register schedule C:\Users\Administrator\Desktop\RundeGit\JustEggJs\egg-example\node_modules\_egg-logrotator@3.1.0@egg-logrotator\app\schedule\clean_log.js
2020-03-04 15:38:08,772 INFO 14508 [egg-schedule]: register schedule C:\Users\Administrator\Desktop\RundeGit\JustEggJs\egg-example\node_modules\_egg-logrotator@3.1.0@egg-logrotator\app\schedule\rotate_by_file.js
2020-03-04 15:38:11,847 INFO 2744 [egg-schedule]: register schedule C:\Users\Administrator\Desktop\RundeGit\JustEggJs\egg-example\node_modules\_egg-multipart@2.10.1@egg-multipart\app\schedule\clean_tmpdir.js
2020-03-04 15:38:11,847 INFO 2744 [egg-schedule]: register schedule C:\Users\Administrator\Desktop\RundeGit\JustEggJs\egg-example\node_modules\_egg-logrotator@3.1.0@egg-logrotator\app\schedule\clean_log.js
2020-03-04 15:38:11,847 INFO 2744 [egg-schedule]: register schedule C:\Users\Administrator\Desktop\RundeGit\JustEggJs\egg-example\node_modules\_egg-logrotator@3.1.0@egg-logrotator\app\schedule\rotate_by_file.js
2020-03-04 15:38:14,063 INFO 2372 [egg-schedule]: register schedule C:\Users\Administrator\Desktop\RundeGit\JustEggJs\egg-example\node_modules\_egg-multipart@2.10.1@egg-multipart\app\schedule\clean_tmpdir.js
2020-03-04 15:38:14,063 INFO 2372 [egg-schedule]: register schedule C:\Users\Administrator\Desktop\RundeGit\JustEggJs\egg-example\node_modules\_egg-logrotator@3.1.0@egg-logrotator\app\schedule\clean_log.js
2020-03-04 15:38:14,063 INFO 2372 [egg-schedule]: register schedule C:\Users\Administrator\Desktop\RundeGit\JustEggJs\egg-example\node_modules\_egg-logrotator@3.1.0@egg-logrotator\app\schedule\rotate_by_file.js
2020-03-04 15:38:15,904 INFO 14856 [egg-schedule]: register schedule C:\Users\Administrator\Desktop\RundeGit\JustEggJs\egg-example\node_modules\_egg-multipart@2.10.1@egg-multipart\app\schedule\clean_tmpdir.js
2020-03-04 15:38:15,904 INFO 14856 [egg-schedule]: register schedule C:\Users\Administrator\Desktop\RundeGit\JustEggJs\egg-example\node_modules\_egg-logrotator@3.1.0@egg-logrotator\app\schedule\clean_log.js
2020-03-04 15:38:15,904 INFO 14856 [egg-schedule]: register schedule C:\Users\Administrator\Desktop\RundeGit\JustEggJs\egg-example\node_modules\_egg-logrotator@3.1.0@egg-logrotator\app\schedule\rotate_by_file.js
2020-03-04 15:38:18,388 INFO 7476 [egg-schedule]: register schedule C:\Users\Administrator\Desktop\RundeGit\JustEggJs\egg-example\node_modules\_egg-multipart@2.10.1@egg-multipart\app\schedule\clean_tmpdir.js
2020-03-04 15:38:18,388 INFO 7476 [egg-schedule]: register schedule C:\Users\Administrator\Desktop\RundeGit\JustEggJs\egg-example\node_modules\_egg-logrotator@3.1.0@egg-logrotator\app\schedule\clean_log.js
2020-03-04 15:38:18,388 INFO 7476 [egg-schedule]: register schedule C:\Users\Administrator\Desktop\RundeGit\JustEggJs\egg-example\node_modules\_egg-logrotator@3.1.0@egg-logrotator\app\schedule\rotate_by_file.js
2020-03-04 15:38:20,648 INFO 13104 [egg-schedule]: register schedule C:\Users\Administrator\Desktop\RundeGit\JustEggJs\egg-example\node_modules\_egg-multipart@2.10.1@egg-multipart\app\schedule\clean_tmpdir.js
2020-03-04 15:38:20,648 INFO 13104 [egg-schedule]: register schedule C:\Users\Administrator\Desktop\RundeGit\JustEggJs\egg-example\node_modules\_egg-logrotator@3.1.0@egg-logrotator\app\schedule\clean_log.js
2020-03-04 15:38:20,648 INFO 13104 [egg-schedule]: register schedule C:\Users\Administrator\Desktop\RundeGit\JustEggJs\egg-example\node_modules\_egg-logrotator@3.1.0@egg-logrotator\app\schedule\rotate_by_file.js
2020-03-04 15:38:22,809 INFO 14512 [egg-schedule]: register schedule C:\Users\Administrator\Desktop\RundeGit\JustEggJs\egg-example\node_modules\_egg-multipart@2.10.1@egg-multipart\app\schedule\clean_tmpdir.js
2020-03-04 15:38:22,809 INFO 14512 [egg-schedule]: register schedule C:\Users\Administrator\Desktop\RundeGit\JustEggJs\egg-example\node_modules\_egg-logrotator@3.1.0@egg-logrotator\app\schedule\clean_log.js
2020-03-04 15:38:22,809 INFO 14512 [egg-schedule]: register schedule C:\Users\Administrator\Desktop\RundeGit\JustEggJs\egg-example\node_modules\_egg-logrotator@3.1.0@egg-logrotator\app\schedule\rotate_by_file.js
2020-03-04 15:38:27,996 INFO 15108 [egg-schedule]: register schedule C:\Users\Administrator\Desktop\RundeGit\JustEggJs\egg-example\node_modules\_egg-multipart@2.10.1@egg-multipart\app\schedule\clean_tmpdir.js
2020-03-04 15:38:27,996 INFO 15108 [egg-schedule]: register schedule C:\Users\Administrator\Desktop\RundeGit\JustEggJs\egg-example\node_modules\_egg-logrotator@3.1.0@egg-logrotator\app\schedule\clean_log.js
2020-03-04 15:38:27,996 INFO 15108 [egg-schedule]: register schedule C:\Users\Administrator\Desktop\RundeGit\JustEggJs\egg-example\node_modules\_egg-logrotator@3.1.0@egg-logrotator\app\schedule\rotate_by_file.js
2020-03-04 15:38:30,011 INFO 1580 [egg-schedule]: register schedule C:\Users\Administrator\Desktop\RundeGit\JustEggJs\egg-example\node_modules\_egg-multipart@2.10.1@egg-multipart\app\schedule\clean_tmpdir.js
2020-03-04 15:38:30,011 INFO 1580 [egg-schedule]: register schedule C:\Users\Administrator\Desktop\RundeGit\JustEggJs\egg-example\node_modules\_egg-logrotator@3.1.0@egg-logrotator\app\schedule\clean_log.js
2020-03-04 15:38:30,011 INFO 1580 [egg-schedule]: register schedule C:\Users\Administrator\Desktop\RundeGit\JustEggJs\egg-example\node_modules\_egg-logrotator@3.1.0@egg-logrotator\app\schedule\rotate_by_file.js
2020-03-04 15:38:48,251 INFO 5900 [egg-schedule]: register schedule C:\Users\Administrator\Desktop\RundeGit\JustEggJs\egg-example\node_modules\_egg-multipart@2.10.1@egg-multipart\app\schedule\clean_tmpdir.js
2020-03-04 15:38:48,251 INFO 5900 [egg-schedule]: register schedule C:\Users\Administrator\Desktop\RundeGit\JustEggJs\egg-example\node_modules\_egg-logrotator@3.1.0@egg-logrotator\app\schedule\clean_log.js
2020-03-04 15:38:48,251 INFO 5900 [egg-schedule]: register schedule C:\Users\Administrator\Desktop\RundeGit\JustEggJs\egg-example\node_modules\_egg-logrotator@3.1.0@egg-logrotator\app\schedule\rotate_by_file.js
2020-03-04 15:38:52,113 INFO 15828 [egg-schedule]: register schedule C:\Users\Administrator\Desktop\RundeGit\JustEggJs\egg-example\node_modules\_egg-multipart@2.10.1@egg-multipart\app\schedule\clean_tmpdir.js
2020-03-04 15:38:52,113 INFO 15828 [egg-schedule]: register schedule C:\Users\Administrator\Desktop\RundeGit\JustEggJs\egg-example\node_modules\_egg-logrotator@3.1.0@egg-logrotator\app\schedule\clean_log.js
2020-03-04 15:38:52,113 INFO 15828 [egg-schedule]: register schedule C:\Users\Administrator\Desktop\RundeGit\JustEggJs\egg-example\node_modules\_egg-logrotator@3.1.0@egg-logrotator\app\schedule\rotate_by_file.js
2020-03-04 15:38:54,144 INFO 1340 [egg-schedule]: register schedule C:\Users\Administrator\Desktop\RundeGit\JustEggJs\egg-example\node_modules\_egg-multipart@2.10.1@egg-multipart\app\schedule\clean_tmpdir.js
2020-03-04 15:38:54,144 INFO 1340 [egg-schedule]: register schedule C:\Users\Administrator\Desktop\RundeGit\JustEggJs\egg-example\node_modules\_egg-logrotator@3.1.0@egg-logrotator\app\schedule\clean_log.js
2020-03-04 15:38:54,144 INFO 1340 [egg-schedule]: register schedule C:\Users\Administrator\Desktop\RundeGit\JustEggJs\egg-example\node_modules\_egg-logrotator@3.1.0@egg-logrotator\app\schedule\rotate_by_file.js
2020-03-04 15:38:58,183 INFO 15848 [egg-schedule]: register schedule C:\Users\Administrator\Desktop\RundeGit\JustEggJs\egg-example\node_modules\_egg-multipart@2.10.1@egg-multipart\app\schedule\clean_tmpdir.js
2020-03-04 15:38:58,184 INFO 15848 [egg-schedule]: register schedule C:\Users\Administrator\Desktop\RundeGit\JustEggJs\egg-example\node_modules\_egg-logrotator@3.1.0@egg-logrotator\app\schedule\clean_log.js
2020-03-04 15:38:58,184 INFO 15848 [egg-schedule]: register schedule C:\Users\Administrator\Desktop\RundeGit\JustEggJs\egg-example\node_modules\_egg-logrotator@3.1.0@egg-logrotator\app\schedule\rotate_by_file.js
2020-03-04 15:39:00,030 INFO 15640 [egg-schedule]: register schedule C:\Users\Administrator\Desktop\RundeGit\JustEggJs\egg-example\node_modules\_egg-multipart@2.10.1@egg-multipart\app\schedule\clean_tmpdir.js
2020-03-04 15:39:00,030 INFO 15640 [egg-schedule]: register schedule C:\Users\Administrator\Desktop\RundeGit\JustEggJs\egg-example\node_modules\_egg-logrotator@3.1.0@egg-logrotator\app\schedule\clean_log.js
2020-03-04 15:39:00,030 INFO 15640 [egg-schedule]: register schedule C:\Users\Administrator\Desktop\RundeGit\JustEggJs\egg-example\node_modules\_egg-logrotator@3.1.0@egg-logrotator\app\schedule\rotate_by_file.js
2020-03-04 15:39:02,396 INFO 14692 [egg-schedule]: register schedule C:\Users\Administrator\Desktop\RundeGit\JustEggJs\egg-example\node_modules\_egg-multipart@2.10.1@egg-multipart\app\schedule\clean_tmpdir.js
2020-03-04 15:39:02,396 INFO 14692 [egg-schedule]: register schedule C:\Users\Administrator\Desktop\RundeGit\JustEggJs\egg-example\node_modules\_egg-logrotator@3.1.0@egg-logrotator\app\schedule\clean_log.js
2020-03-04 15:39:02,396 INFO 14692 [egg-schedule]: register schedule C:\Users\Administrator\Desktop\RundeGit\JustEggJs\egg-example\node_modules\_egg-logrotator@3.1.0@egg-logrotator\app\schedule\rotate_by_file.js
2020-03-04 15:39:05,630 INFO 2136 [egg-schedule]: register schedule C:\Users\Administrator\Desktop\RundeGit\JustEggJs\egg-example\node_modules\_egg-multipart@2.10.1@egg-multipart\app\schedule\clean_tmpdir.js
2020-03-04 15:39:05,630 INFO 2136 [egg-schedule]: register schedule C:\Users\Administrator\Desktop\RundeGit\JustEggJs\egg-example\node_modules\_egg-logrotator@3.1.0@egg-logrotator\app\schedule\clean_log.js
2020-03-04 15:39:05,630 INFO 2136 [egg-schedule]: register schedule C:\Users\Administrator\Desktop\RundeGit\JustEggJs\egg-example\node_modules\_egg-logrotator@3.1.0@egg-logrotator\app\schedule\rotate_by_file.js
2020-03-04 15:39:09,684 INFO 5492 [egg-schedule]: register schedule C:\Users\Administrator\Desktop\RundeGit\JustEggJs\egg-example\node_modules\_egg-multipart@2.10.1@egg-multipart\app\schedule\clean_tmpdir.js
2020-03-04 15:39:09,684 INFO 5492 [egg-schedule]: register schedule C:\Users\Administrator\Desktop\RundeGit\JustEggJs\egg-example\node_modules\_egg-logrotator@3.1.0@egg-logrotator\app\schedule\clean_log.js
2020-03-04 15:39:09,684 INFO 5492 [egg-schedule]: register schedule C:\Users\Administrator\Desktop\RundeGit\JustEggJs\egg-example\node_modules\_egg-logrotator@3.1.0@egg-logrotator\app\schedule\rotate_by_file.js
2020-03-04 15:39:25,187 INFO 12736 [egg-schedule]: register schedule C:\Users\Administrator\Desktop\RundeGit\JustEggJs\egg-example\node_modules\_egg-multipart@2.10.1@egg-multipart\app\schedule\clean_tmpdir.js
2020-03-04 15:39:25,187 INFO 12736 [egg-schedule]: register schedule C:\Users\Administrator\Desktop\RundeGit\JustEggJs\egg-example\node_modules\_egg-logrotator@3.1.0@egg-logrotator\app\schedule\clean_log.js
2020-03-04 15:39:25,187 INFO 12736 [egg-schedule]: register schedule C:\Users\Administrator\Desktop\RundeGit\JustEggJs\egg-example\node_modules\_egg-logrotator@3.1.0@egg-logrotator\app\schedule\rotate_by_file.js
2020-03-04 15:39:30,086 INFO 15272 [egg-schedule]: register schedule C:\Users\Administrator\Desktop\RundeGit\JustEggJs\egg-example\node_modules\_egg-multipart@2.10.1@egg-multipart\app\schedule\clean_tmpdir.js
2020-03-04 15:39:30,086 INFO 15272 [egg-schedule]: register schedule C:\Users\Administrator\Desktop\RundeGit\JustEggJs\egg-example\node_modules\_egg-logrotator@3.1.0@egg-logrotator\app\schedule\clean_log.js
2020-03-04 15:39:30,086 INFO 15272 [egg-schedule]: register schedule C:\Users\Administrator\Desktop\RundeGit\JustEggJs\egg-example\node_modules\_egg-logrotator@3.1.0@egg-logrotator\app\schedule\rotate_by_file.js
2020-03-04 15:39:35,291 INFO 3296 [egg-schedule]: register schedule C:\Users\Administrator\Desktop\RundeGit\JustEggJs\egg-example\node_modules\_egg-multipart@2.10.1@egg-multipart\app\schedule\clean_tmpdir.js
2020-03-04 15:39:35,291 INFO 3296 [egg-schedule]: register schedule C:\Users\Administrator\Desktop\RundeGit\JustEggJs\egg-example\node_modules\_egg-logrotator@3.1.0@egg-logrotator\app\schedule\clean_log.js
2020-03-04 15:39:35,291 INFO 3296 [egg-schedule]: register schedule C:\Users\Administrator\Desktop\RundeGit\JustEggJs\egg-example\node_modules\_egg-logrotator@3.1.0@egg-logrotator\app\schedule\rotate_by_file.js
2020-03-04 15:40:02,810 INFO 3028 [egg-schedule]: register schedule C:\Users\Administrator\Desktop\RundeGit\JustEggJs\egg-example\node_modules\_egg-multipart@2.10.1@egg-multipart\app\schedule\clean_tmpdir.js
2020-03-04 15:40:02,810 INFO 3028 [egg-schedule]: register schedule C:\Users\Administrator\Desktop\RundeGit\JustEggJs\egg-example\node_modules\_egg-logrotator@3.1.0@egg-logrotator\app\schedule\clean_log.js
2020-03-04 15:40:02,810 INFO 3028 [egg-schedule]: register schedule C:\Users\Administrator\Desktop\RundeGit\JustEggJs\egg-example\node_modules\_egg-logrotator@3.1.0@egg-logrotator\app\schedule\rotate_by_file.js
2020-03-04 15:40:09,525 INFO 1572 [egg-schedule]: register schedule C:\Users\Administrator\Desktop\RundeGit\JustEggJs\egg-example\node_modules\_egg-multipart@2.10.1@egg-multipart\app\schedule\clean_tmpdir.js
2020-03-04 15:40:09,525 INFO 1572 [egg-schedule]: register schedule C:\Users\Administrator\Desktop\RundeGit\JustEggJs\egg-example\node_modules\_egg-logrotator@3.1.0@egg-logrotator\app\schedule\clean_log.js
2020-03-04 15:40:09,525 INFO 1572 [egg-schedule]: register schedule C:\Users\Administrator\Desktop\RundeGit\JustEggJs\egg-example\node_modules\_egg-logrotator@3.1.0@egg-logrotator\app\schedule\rotate_by_file.js
2020-03-04 15:40:17,267 INFO 12456 [egg-schedule]: register schedule C:\Users\Administrator\Desktop\RundeGit\JustEggJs\egg-example\node_modules\_egg-multipart@2.10.1@egg-multipart\app\schedule\clean_tmpdir.js
2020-03-04 15:40:17,268 INFO 12456 [egg-schedule]: register schedule C:\Users\Administrator\Desktop\RundeGit\JustEggJs\egg-example\node_modules\_egg-logrotator@3.1.0@egg-logrotator\app\schedule\clean_log.js
2020-03-04 15:40:17,268 INFO 12456 [egg-schedule]: register schedule C:\Users\Administrator\Desktop\RundeGit\JustEggJs\egg-example\node_modules\_egg-logrotator@3.1.0@egg-logrotator\app\schedule\rotate_by_file.js
2020-03-04 15:40:21,089 INFO 11468 [egg-schedule]: register schedule C:\Users\Administrator\Desktop\RundeGit\JustEggJs\egg-example\node_modules\_egg-multipart@2.10.1@egg-multipart\app\schedule\clean_tmpdir.js
2020-03-04 15:40:21,089 INFO 11468 [egg-schedule]: register schedule C:\Users\Administrator\Desktop\RundeGit\JustEggJs\egg-example\node_modules\_egg-logrotator@3.1.0@egg-logrotator\app\schedule\clean_log.js
2020-03-04 15:40:21,089 INFO 11468 [egg-schedule]: register schedule C:\Users\Administrator\Desktop\RundeGit\JustEggJs\egg-example\node_modules\_egg-logrotator@3.1.0@egg-logrotator\app\schedule\rotate_by_file.js
2020-03-04 15:40:26,240 INFO 5124 [egg-schedule]: register schedule C:\Users\Administrator\Desktop\RundeGit\JustEggJs\egg-example\node_modules\_egg-multipart@2.10.1@egg-multipart\app\schedule\clean_tmpdir.js
2020-03-04 15:40:26,240 INFO 5124 [egg-schedule]: register schedule C:\Users\Administrator\Desktop\RundeGit\JustEggJs\egg-example\node_modules\_egg-logrotator@3.1.0@egg-logrotator\app\schedule\clean_log.js
2020-03-04 15:40:26,240 INFO 5124 [egg-schedule]: register schedule C:\Users\Administrator\Desktop\RundeGit\JustEggJs\egg-example\node_modules\_egg-logrotator@3.1.0@egg-logrotator\app\schedule\rotate_by_file.js
2020-03-04 15:40:28,173 INFO 11284 [egg-schedule]: register schedule C:\Users\Administrator\Desktop\RundeGit\JustEggJs\egg-example\node_modules\_egg-multipart@2.10.1@egg-multipart\app\schedule\clean_tmpdir.js
2020-03-04 15:40:28,173 INFO 11284 [egg-schedule]: register schedule C:\Users\Administrator\Desktop\RundeGit\JustEggJs\egg-example\node_modules\_egg-logrotator@3.1.0@egg-logrotator\app\schedule\clean_log.js
2020-03-04 15:40:28,173 INFO 11284 [egg-schedule]: register schedule C:\Users\Administrator\Desktop\RundeGit\JustEggJs\egg-example\node_modules\_egg-logrotator@3.1.0@egg-logrotator\app\schedule\rotate_by_file.js
2020-03-04 15:40:30,982 INFO 2892 [egg-schedule]: register schedule C:\Users\Administrator\Desktop\RundeGit\JustEggJs\egg-example\node_modules\_egg-multipart@2.10.1@egg-multipart\app\schedule\clean_tmpdir.js
2020-03-04 15:40:30,982 INFO 2892 [egg-schedule]: register schedule C:\Users\Administrator\Desktop\RundeGit\JustEggJs\egg-example\node_modules\_egg-logrotator@3.1.0@egg-logrotator\app\schedule\clean_log.js
2020-03-04 15:40:30,982 INFO 2892 [egg-schedule]: register schedule C:\Users\Administrator\Desktop\RundeGit\JustEggJs\egg-example\node_modules\_egg-logrotator@3.1.0@egg-logrotator\app\schedule\rotate_by_file.js
2020-03-04 15:40:33,222 INFO 9392 [egg-schedule]: register schedule C:\Users\Administrator\Desktop\RundeGit\JustEggJs\egg-example\node_modules\_egg-multipart@2.10.1@egg-multipart\app\schedule\clean_tmpdir.js
2020-03-04 15:40:33,222 INFO 9392 [egg-schedule]: register schedule C:\Users\Administrator\Desktop\RundeGit\JustEggJs\egg-example\node_modules\_egg-logrotator@3.1.0@egg-logrotator\app\schedule\clean_log.js
2020-03-04 15:40:33,222 INFO 9392 [egg-schedule]: register schedule C:\Users\Administrator\Desktop\RundeGit\JustEggJs\egg-example\node_modules\_egg-logrotator@3.1.0@egg-logrotator\app\schedule\rotate_by_file.js
2020-03-04 15:40:41,000 INFO 12164 [egg-schedule]: register schedule C:\Users\Administrator\Desktop\RundeGit\JustEggJs\egg-example\node_modules\_egg-multipart@2.10.1@egg-multipart\app\schedule\clean_tmpdir.js
2020-03-04 15:40:41,000 INFO 12164 [egg-schedule]: register schedule C:\Users\Administrator\Desktop\RundeGit\JustEggJs\egg-example\node_modules\_egg-logrotator@3.1.0@egg-logrotator\app\schedule\clean_log.js
2020-03-04 15:40:41,000 INFO 12164 [egg-schedule]: register schedule C:\Users\Administrator\Desktop\RundeGit\JustEggJs\egg-example\node_modules\_egg-logrotator@3.1.0@egg-logrotator\app\schedule\rotate_by_file.js
2020-03-04 15:40:43,019 INFO 12132 [egg-schedule]: register schedule C:\Users\Administrator\Desktop\RundeGit\JustEggJs\egg-example\node_modules\_egg-multipart@2.10.1@egg-multipart\app\schedule\clean_tmpdir.js
2020-03-04 15:40:43,019 INFO 12132 [egg-schedule]: register schedule C:\Users\Administrator\Desktop\RundeGit\JustEggJs\egg-example\node_modules\_egg-logrotator@3.1.0@egg-logrotator\app\schedule\clean_log.js
2020-03-04 15:40:43,019 INFO 12132 [egg-schedule]: register schedule C:\Users\Administrator\Desktop\RundeGit\JustEggJs\egg-example\node_modules\_egg-logrotator@3.1.0@egg-logrotator\app\schedule\rotate_by_file.js
2020-03-04 15:40:44,662 INFO 5836 [egg-schedule]: register schedule C:\Users\Administrator\Desktop\RundeGit\JustEggJs\egg-example\node_modules\_egg-multipart@2.10.1@egg-multipart\app\schedule\clean_tmpdir.js
2020-03-04 15:40:44,663 INFO 5836 [egg-schedule]: register schedule C:\Users\Administrator\Desktop\RundeGit\JustEggJs\egg-example\node_modules\_egg-logrotator@3.1.0@egg-logrotator\app\schedule\clean_log.js
2020-03-04 15:40:44,663 INFO 5836 [egg-schedule]: register schedule C:\Users\Administrator\Desktop\RundeGit\JustEggJs\egg-example\node_modules\_egg-logrotator@3.1.0@egg-logrotator\app\schedule\rotate_by_file.js
2020-03-04 15:40:55,817 INFO 11028 [egg-schedule]: register schedule C:\Users\Administrator\Desktop\RundeGit\JustEggJs\egg-example\node_modules\_egg-multipart@2.10.1@egg-multipart\app\schedule\clean_tmpdir.js
2020-03-04 15:40:55,817 INFO 11028 [egg-schedule]: register schedule C:\Users\Administrator\Desktop\RundeGit\JustEggJs\egg-example\node_modules\_egg-logrotator@3.1.0@egg-logrotator\app\schedule\clean_log.js
2020-03-04 15:40:55,817 INFO 11028 [egg-schedule]: register schedule C:\Users\Administrator\Desktop\RundeGit\JustEggJs\egg-example\node_modules\_egg-logrotator@3.1.0@egg-logrotator\app\schedule\rotate_by_file.js
2020-03-04 15:41:18,362 INFO 7664 [egg-schedule]: register schedule C:\Users\Administrator\Desktop\RundeGit\JustEggJs\egg-example\node_modules\_egg-multipart@2.10.1@egg-multipart\app\schedule\clean_tmpdir.js
2020-03-04 15:41:18,362 INFO 7664 [egg-schedule]: register schedule C:\Users\Administrator\Desktop\RundeGit\JustEggJs\egg-example\node_modules\_egg-logrotator@3.1.0@egg-logrotator\app\schedule\clean_log.js
2020-03-04 15:41:18,362 INFO 7664 [egg-schedule]: register schedule C:\Users\Administrator\Desktop\RundeGit\JustEggJs\egg-example\node_modules\_egg-logrotator@3.1.0@egg-logrotator\app\schedule\rotate_by_file.js
2020-03-04 15:41:23,774 INFO 14348 [egg-schedule]: register schedule C:\Users\Administrator\Desktop\RundeGit\JustEggJs\egg-example\node_modules\_egg-multipart@2.10.1@egg-multipart\app\schedule\clean_tmpdir.js
2020-03-04 15:41:23,774 INFO 14348 [egg-schedule]: register schedule C:\Users\Administrator\Desktop\RundeGit\JustEggJs\egg-example\node_modules\_egg-logrotator@3.1.0@egg-logrotator\app\schedule\clean_log.js
2020-03-04 15:41:23,774 INFO 14348 [egg-schedule]: register schedule C:\Users\Administrator\Desktop\RundeGit\JustEggJs\egg-example\node_modules\_egg-logrotator@3.1.0@egg-logrotator\app\schedule\rotate_by_file.js
2020-03-04 15:41:26,186 INFO 13156 [egg-schedule]: register schedule C:\Users\Administrator\Desktop\RundeGit\JustEggJs\egg-example\node_modules\_egg-multipart@2.10.1@egg-multipart\app\schedule\clean_tmpdir.js
2020-03-04 15:41:26,186 INFO 13156 [egg-schedule]: register schedule C:\Users\Administrator\Desktop\RundeGit\JustEggJs\egg-example\node_modules\_egg-logrotator@3.1.0@egg-logrotator\app\schedule\clean_log.js
2020-03-04 15:41:26,186 INFO 13156 [egg-schedule]: register schedule C:\Users\Administrator\Desktop\RundeGit\JustEggJs\egg-example\node_modules\_egg-logrotator@3.1.0@egg-logrotator\app\schedule\rotate_by_file.js
2020-03-04 15:41:27,882 INFO 14188 [egg-schedule]: register schedule C:\Users\Administrator\Desktop\RundeGit\JustEggJs\egg-example\node_modules\_egg-multipart@2.10.1@egg-multipart\app\schedule\clean_tmpdir.js
2020-03-04 15:41:27,882 INFO 14188 [egg-schedule]: register schedule C:\Users\Administrator\Desktop\RundeGit\JustEggJs\egg-example\node_modules\_egg-logrotator@3.1.0@egg-logrotator\app\schedule\clean_log.js
2020-03-04 15:41:27,882 INFO 14188 [egg-schedule]: register schedule C:\Users\Administrator\Desktop\RundeGit\JustEggJs\egg-example\node_modules\_egg-logrotator@3.1.0@egg-logrotator\app\schedule\rotate_by_file.js
2020-03-04 15:41:30,617 INFO 5300 [egg-schedule]: register schedule C:\Users\Administrator\Desktop\RundeGit\JustEggJs\egg-example\node_modules\_egg-multipart@2.10.1@egg-multipart\app\schedule\clean_tmpdir.js
2020-03-04 15:41:30,617 INFO 5300 [egg-schedule]: register schedule C:\Users\Administrator\Desktop\RundeGit\JustEggJs\egg-example\node_modules\_egg-logrotator@3.1.0@egg-logrotator\app\schedule\clean_log.js
2020-03-04 15:41:30,617 INFO 5300 [egg-schedule]: register schedule C:\Users\Administrator\Desktop\RundeGit\JustEggJs\egg-example\node_modules\_egg-logrotator@3.1.0@egg-logrotator\app\schedule\rotate_by_file.js
2020-03-04 15:42:00,893 INFO 13940 [egg-schedule]: register schedule C:\Users\Administrator\Desktop\RundeGit\JustEggJs\egg-example\node_modules\_egg-multipart@2.10.1@egg-multipart\app\schedule\clean_tmpdir.js
2020-03-04 15:42:00,893 INFO 13940 [egg-schedule]: register schedule C:\Users\Administrator\Desktop\RundeGit\JustEggJs\egg-example\node_modules\_egg-logrotator@3.1.0@egg-logrotator\app\schedule\clean_log.js
2020-03-04 15:42:00,893 INFO 13940 [egg-schedule]: register schedule C:\Users\Administrator\Desktop\RundeGit\JustEggJs\egg-example\node_modules\_egg-logrotator@3.1.0@egg-logrotator\app\schedule\rotate_by_file.js
2020-03-04 15:42:38,352 INFO 14840 [egg-schedule]: register schedule C:\Users\Administrator\Desktop\RundeGit\JustEggJs\egg-example\node_modules\_egg-multipart@2.10.1@egg-multipart\app\schedule\clean_tmpdir.js
2020-03-04 15:42:38,352 INFO 14840 [egg-schedule]: register schedule C:\Users\Administrator\Desktop\RundeGit\JustEggJs\egg-example\node_modules\_egg-logrotator@3.1.0@egg-logrotator\app\schedule\clean_log.js
2020-03-04 15:42:38,352 INFO 14840 [egg-schedule]: register schedule C:\Users\Administrator\Desktop\RundeGit\JustEggJs\egg-example\node_modules\_egg-logrotator@3.1.0@egg-logrotator\app\schedule\rotate_by_file.js
2020-03-04 15:42:41,107 INFO 2620 [egg-schedule]: register schedule C:\Users\Administrator\Desktop\RundeGit\JustEggJs\egg-example\node_modules\_egg-multipart@2.10.1@egg-multipart\app\schedule\clean_tmpdir.js
2020-03-04 15:42:41,107 INFO 2620 [egg-schedule]: register schedule C:\Users\Administrator\Desktop\RundeGit\JustEggJs\egg-example\node_modules\_egg-logrotator@3.1.0@egg-logrotator\app\schedule\clean_log.js
2020-03-04 15:42:41,107 INFO 2620 [egg-schedule]: register schedule C:\Users\Administrator\Desktop\RundeGit\JustEggJs\egg-example\node_modules\_egg-logrotator@3.1.0@egg-logrotator\app\schedule\rotate_by_file.js
2020-03-04 15:42:43,932 INFO 11532 [egg-schedule]: register schedule C:\Users\Administrator\Desktop\RundeGit\JustEggJs\egg-example\node_modules\_egg-multipart@2.10.1@egg-multipart\app\schedule\clean_tmpdir.js
2020-03-04 15:42:43,932 INFO 11532 [egg-schedule]: register schedule C:\Users\Administrator\Desktop\RundeGit\JustEggJs\egg-example\node_modules\_egg-logrotator@3.1.0@egg-logrotator\app\schedule\clean_log.js
2020-03-04 15:42:43,932 INFO 11532 [egg-schedule]: register schedule C:\Users\Administrator\Desktop\RundeGit\JustEggJs\egg-example\node_modules\_egg-logrotator@3.1.0@egg-logrotator\app\schedule\rotate_by_file.js
2020-03-04 15:42:46,003 INFO 2296 [egg-schedule]: register schedule C:\Users\Administrator\Desktop\RundeGit\JustEggJs\egg-example\node_modules\_egg-multipart@2.10.1@egg-multipart\app\schedule\clean_tmpdir.js
2020-03-04 15:42:46,003 INFO 2296 [egg-schedule]: register schedule C:\Users\Administrator\Desktop\RundeGit\JustEggJs\egg-example\node_modules\_egg-logrotator@3.1.0@egg-logrotator\app\schedule\clean_log.js
2020-03-04 15:42:46,003 INFO 2296 [egg-schedule]: register schedule C:\Users\Administrator\Desktop\RundeGit\JustEggJs\egg-example\node_modules\_egg-logrotator@3.1.0@egg-logrotator\app\schedule\rotate_by_file.js
2020-03-04 15:42:51,135 INFO 9336 [egg-schedule]: register schedule C:\Users\Administrator\Desktop\RundeGit\JustEggJs\egg-example\node_modules\_egg-multipart@2.10.1@egg-multipart\app\schedule\clean_tmpdir.js
2020-03-04 15:42:51,135 INFO 9336 [egg-schedule]: register schedule C:\Users\Administrator\Desktop\RundeGit\JustEggJs\egg-example\node_modules\_egg-logrotator@3.1.0@egg-logrotator\app\schedule\clean_log.js
2020-03-04 15:42:51,135 INFO 9336 [egg-schedule]: register schedule C:\Users\Administrator\Desktop\RundeGit\JustEggJs\egg-example\node_modules\_egg-logrotator@3.1.0@egg-logrotator\app\schedule\rotate_by_file.js
2020-03-04 15:42:54,183 INFO 10656 [egg-schedule]: register schedule C:\Users\Administrator\Desktop\RundeGit\JustEggJs\egg-example\node_modules\_egg-multipart@2.10.1@egg-multipart\app\schedule\clean_tmpdir.js
2020-03-04 15:42:54,183 INFO 10656 [egg-schedule]: register schedule C:\Users\Administrator\Desktop\RundeGit\JustEggJs\egg-example\node_modules\_egg-logrotator@3.1.0@egg-logrotator\app\schedule\clean_log.js
2020-03-04 15:42:54,183 INFO 10656 [egg-schedule]: register schedule C:\Users\Administrator\Desktop\RundeGit\JustEggJs\egg-example\node_modules\_egg-logrotator@3.1.0@egg-logrotator\app\schedule\rotate_by_file.js
2020-03-04 15:42:56,800 INFO 2760 [egg-schedule]: register schedule C:\Users\Administrator\Desktop\RundeGit\JustEggJs\egg-example\node_modules\_egg-multipart@2.10.1@egg-multipart\app\schedule\clean_tmpdir.js
2020-03-04 15:42:56,800 INFO 2760 [egg-schedule]: register schedule C:\Users\Administrator\Desktop\RundeGit\JustEggJs\egg-example\node_modules\_egg-logrotator@3.1.0@egg-logrotator\app\schedule\clean_log.js
2020-03-04 15:42:56,800 INFO 2760 [egg-schedule]: register schedule C:\Users\Administrator\Desktop\RundeGit\JustEggJs\egg-example\node_modules\_egg-logrotator@3.1.0@egg-logrotator\app\schedule\rotate_by_file.js
2020-03-04 15:42:58,872 INFO 4256 [egg-schedule]: register schedule C:\Users\Administrator\Desktop\RundeGit\JustEggJs\egg-example\node_modules\_egg-multipart@2.10.1@egg-multipart\app\schedule\clean_tmpdir.js
2020-03-04 15:42:58,872 INFO 4256 [egg-schedule]: register schedule C:\Users\Administrator\Desktop\RundeGit\JustEggJs\egg-example\node_modules\_egg-logrotator@3.1.0@egg-logrotator\app\schedule\clean_log.js
2020-03-04 15:42:58,872 INFO 4256 [egg-schedule]: register schedule C:\Users\Administrator\Desktop\RundeGit\JustEggJs\egg-example\node_modules\_egg-logrotator@3.1.0@egg-logrotator\app\schedule\rotate_by_file.js
2020-03-04 15:43:00,735 INFO 14872 [egg-schedule]: register schedule C:\Users\Administrator\Desktop\RundeGit\JustEggJs\egg-example\node_modules\_egg-multipart@2.10.1@egg-multipart\app\schedule\clean_tmpdir.js
2020-03-04 15:43:00,735 INFO 14872 [egg-schedule]: register schedule C:\Users\Administrator\Desktop\RundeGit\JustEggJs\egg-example\node_modules\_egg-logrotator@3.1.0@egg-logrotator\app\schedule\clean_log.js
2020-03-04 15:43:00,735 INFO 14872 [egg-schedule]: register schedule C:\Users\Administrator\Desktop\RundeGit\JustEggJs\egg-example\node_modules\_egg-logrotator@3.1.0@egg-logrotator\app\schedule\rotate_by_file.js
2020-03-04 15:43:09,641 INFO 13124 [egg-schedule]: register schedule C:\Users\Administrator\Desktop\RundeGit\JustEggJs\egg-example\node_modules\_egg-multipart@2.10.1@egg-multipart\app\schedule\clean_tmpdir.js
2020-03-04 15:43:09,641 INFO 13124 [egg-schedule]: register schedule C:\Users\Administrator\Desktop\RundeGit\JustEggJs\egg-example\node_modules\_egg-logrotator@3.1.0@egg-logrotator\app\schedule\clean_log.js
2020-03-04 15:43:09,641 INFO 13124 [egg-schedule]: register schedule C:\Users\Administrator\Desktop\RundeGit\JustEggJs\egg-example\node_modules\_egg-logrotator@3.1.0@egg-logrotator\app\schedule\rotate_by_file.js
2020-03-04 15:43:11,677 INFO 3020 [egg-schedule]: register schedule C:\Users\Administrator\Desktop\RundeGit\JustEggJs\egg-example\node_modules\_egg-multipart@2.10.1@egg-multipart\app\schedule\clean_tmpdir.js
2020-03-04 15:43:11,677 INFO 3020 [egg-schedule]: register schedule C:\Users\Administrator\Desktop\RundeGit\JustEggJs\egg-example\node_modules\_egg-logrotator@3.1.0@egg-logrotator\app\schedule\clean_log.js
2020-03-04 15:43:11,677 INFO 3020 [egg-schedule]: register schedule C:\Users\Administrator\Desktop\RundeGit\JustEggJs\egg-example\node_modules\_egg-logrotator@3.1.0@egg-logrotator\app\schedule\rotate_by_file.js
2020-03-04 15:44:03,362 INFO 14696 [egg-schedule]: register schedule C:\Users\Administrator\Desktop\RundeGit\JustEggJs\egg-example\node_modules\_egg-multipart@2.10.1@egg-multipart\app\schedule\clean_tmpdir.js
2020-03-04 15:44:03,362 INFO 14696 [egg-schedule]: register schedule C:\Users\Administrator\Desktop\RundeGit\JustEggJs\egg-example\node_modules\_egg-logrotator@3.1.0@egg-logrotator\app\schedule\clean_log.js
2020-03-04 15:44:03,362 INFO 14696 [egg-schedule]: register schedule C:\Users\Administrator\Desktop\RundeGit\JustEggJs\egg-example\node_modules\_egg-logrotator@3.1.0@egg-logrotator\app\schedule\rotate_by_file.js
2020-03-04 15:44:17,699 INFO 8124 [egg-schedule]: register schedule C:\Users\Administrator\Desktop\RundeGit\JustEggJs\egg-example\node_modules\_egg-multipart@2.10.1@egg-multipart\app\schedule\clean_tmpdir.js
2020-03-04 15:44:17,699 INFO 8124 [egg-schedule]: register schedule C:\Users\Administrator\Desktop\RundeGit\JustEggJs\egg-example\node_modules\_egg-logrotator@3.1.0@egg-logrotator\app\schedule\clean_log.js
2020-03-04 15:44:17,699 INFO 8124 [egg-schedule]: register schedule C:\Users\Administrator\Desktop\RundeGit\JustEggJs\egg-example\node_modules\_egg-logrotator@3.1.0@egg-logrotator\app\schedule\rotate_by_file.js
2020-03-04 15:44:21,099 INFO 9336 [egg-schedule]: register schedule C:\Users\Administrator\Desktop\RundeGit\JustEggJs\egg-example\node_modules\_egg-multipart@2.10.1@egg-multipart\app\schedule\clean_tmpdir.js
2020-03-04 15:44:21,099 INFO 9336 [egg-schedule]: register schedule C:\Users\Administrator\Desktop\RundeGit\JustEggJs\egg-example\node_modules\_egg-logrotator@3.1.0@egg-logrotator\app\schedule\clean_log.js
2020-03-04 15:44:21,099 INFO 9336 [egg-schedule]: register schedule C:\Users\Administrator\Desktop\RundeGit\JustEggJs\egg-example\node_modules\_egg-logrotator@3.1.0@egg-logrotator\app\schedule\rotate_by_file.js
2020-03-04 15:45:50,517 INFO 13860 [egg-schedule]: register schedule C:\Users\Administrator\Desktop\RundeGit\JustEggJs\egg-example\node_modules\_egg-multipart@2.10.1@egg-multipart\app\schedule\clean_tmpdir.js
2020-03-04 15:45:50,517 INFO 13860 [egg-schedule]: register schedule C:\Users\Administrator\Desktop\RundeGit\JustEggJs\egg-example\node_modules\_egg-logrotator@3.1.0@egg-logrotator\app\schedule\clean_log.js
2020-03-04 15:45:50,517 INFO 13860 [egg-schedule]: register schedule C:\Users\Administrator\Desktop\RundeGit\JustEggJs\egg-example\node_modules\_egg-logrotator@3.1.0@egg-logrotator\app\schedule\rotate_by_file.js
2020-03-04 15:54:31,459 INFO 14612 [egg-schedule]: register schedule C:\Users\Administrator\Desktop\RundeGit\JustEggJs\egg-example\node_modules\_egg-multipart@2.10.1@egg-multipart\app\schedule\clean_tmpdir.js
2020-03-04 15:54:31,459 INFO 14612 [egg-schedule]: register schedule C:\Users\Administrator\Desktop\RundeGit\JustEggJs\egg-example\node_modules\_egg-logrotator@3.1.0@egg-logrotator\app\schedule\clean_log.js
2020-03-04 15:54:31,459 INFO 14612 [egg-schedule]: register schedule C:\Users\Administrator\Desktop\RundeGit\JustEggJs\egg-example\node_modules\_egg-logrotator@3.1.0@egg-logrotator\app\schedule\rotate_by_file.js
