2020-03-04 16:19:46,384 INFO 14912 [egg-schedule]: register schedule C:\Users\Administrator\Desktop\RundeGit\JustEggJs\node_modules\_egg-multipart@2.10.1@egg-multipart\app\schedule\clean_tmpdir.js
2020-03-04 16:19:46,384 INFO 14912 [egg-schedule]: register schedule C:\Users\Administrator\Desktop\RundeGit\JustEggJs\node_modules\_egg-logrotator@3.1.0@egg-logrotator\app\schedule\clean_log.js
2020-03-04 16:19:46,384 INFO 14912 [egg-schedule]: register schedule C:\Users\Administrator\Desktop\RundeGit\JustEggJs\node_modules\_egg-logrotator@3.1.0@egg-logrotator\app\schedule\rotate_by_file.js
2020-03-04 16:19:46,810 INFO 4176 [Timer] C:\Users\Administrator\Desktop\RundeGit\JustEggJs\node_modules\_egg-multipart@2.10.1@egg-multipart\app\schedule\clean_tmpdir.js next time will execute after 43813194ms at 2020-03-05 04:30:00.004
2020-03-04 16:19:46,810 INFO 4176 [Timer] C:\Users\Administrator\Desktop\RundeGit\JustEggJs\node_modules\_egg-logrotator@3.1.0@egg-logrotator\app\schedule\clean_log.js next time will execute after 27613190ms at 2020-03-05 00:00:00.000
2020-03-04 16:19:46,811 INFO 4176 [Timer] C:\Users\Administrator\Desktop\RundeGit\JustEggJs\node_modules\_egg-logrotator@3.1.0@egg-logrotator\app\schedule\rotate_by_file.js next time will execute after 27614190ms at 2020-03-05 00:00:01.001
2020-03-04 16:20:12,019 INFO 11016 [egg-schedule]: register schedule C:\Users\Administrator\Desktop\RundeGit\JustEggJs\node_modules\_egg-multipart@2.10.1@egg-multipart\app\schedule\clean_tmpdir.js
2020-03-04 16:20:12,019 INFO 11016 [egg-schedule]: register schedule C:\Users\Administrator\Desktop\RundeGit\JustEggJs\node_modules\_egg-logrotator@3.1.0@egg-logrotator\app\schedule\clean_log.js
2020-03-04 16:20:12,019 INFO 11016 [egg-schedule]: register schedule C:\Users\Administrator\Desktop\RundeGit\JustEggJs\node_modules\_egg-logrotator@3.1.0@egg-logrotator\app\schedule\rotate_by_file.js
2020-03-04 16:20:17,733 INFO 6700 [egg-schedule]: register schedule C:\Users\Administrator\Desktop\RundeGit\JustEggJs\node_modules\_egg-multipart@2.10.1@egg-multipart\app\schedule\clean_tmpdir.js
2020-03-04 16:20:17,733 INFO 6700 [egg-schedule]: register schedule C:\Users\Administrator\Desktop\RundeGit\JustEggJs\node_modules\_egg-logrotator@3.1.0@egg-logrotator\app\schedule\clean_log.js
2020-03-04 16:20:17,734 INFO 6700 [egg-schedule]: register schedule C:\Users\Administrator\Desktop\RundeGit\JustEggJs\node_modules\_egg-logrotator@3.1.0@egg-logrotator\app\schedule\rotate_by_file.js
2020-03-04 16:20:56,157 INFO 5492 [egg-schedule]: register schedule C:\Users\Administrator\Desktop\RundeGit\JustEggJs\node_modules\_egg-multipart@2.10.1@egg-multipart\app\schedule\clean_tmpdir.js
2020-03-04 16:20:56,157 INFO 5492 [egg-schedule]: register schedule C:\Users\Administrator\Desktop\RundeGit\JustEggJs\node_modules\_egg-logrotator@3.1.0@egg-logrotator\app\schedule\clean_log.js
2020-03-04 16:20:56,157 INFO 5492 [egg-schedule]: register schedule C:\Users\Administrator\Desktop\RundeGit\JustEggJs\node_modules\_egg-logrotator@3.1.0@egg-logrotator\app\schedule\rotate_by_file.js
2020-03-04 16:21:01,354 INFO 14924 [egg-schedule]: register schedule C:\Users\Administrator\Desktop\RundeGit\JustEggJs\node_modules\_egg-multipart@2.10.1@egg-multipart\app\schedule\clean_tmpdir.js
2020-03-04 16:21:01,355 INFO 14924 [egg-schedule]: register schedule C:\Users\Administrator\Desktop\RundeGit\JustEggJs\node_modules\_egg-logrotator@3.1.0@egg-logrotator\app\schedule\clean_log.js
2020-03-04 16:21:01,355 INFO 14924 [egg-schedule]: register schedule C:\Users\Administrator\Desktop\RundeGit\JustEggJs\node_modules\_egg-logrotator@3.1.0@egg-logrotator\app\schedule\rotate_by_file.js
2020-03-04 16:21:03,961 INFO 11840 [egg-schedule]: register schedule C:\Users\Administrator\Desktop\RundeGit\JustEggJs\node_modules\_egg-multipart@2.10.1@egg-multipart\app\schedule\clean_tmpdir.js
2020-03-04 16:21:03,961 INFO 11840 [egg-schedule]: register schedule C:\Users\Administrator\Desktop\RundeGit\JustEggJs\node_modules\_egg-logrotator@3.1.0@egg-logrotator\app\schedule\clean_log.js
2020-03-04 16:21:03,961 INFO 11840 [egg-schedule]: register schedule C:\Users\Administrator\Desktop\RundeGit\JustEggJs\node_modules\_egg-logrotator@3.1.0@egg-logrotator\app\schedule\rotate_by_file.js
2020-03-04 16:21:14,412 INFO 5744 [egg-schedule]: register schedule C:\Users\Administrator\Desktop\RundeGit\JustEggJs\node_modules\_egg-multipart@2.10.1@egg-multipart\app\schedule\clean_tmpdir.js
2020-03-04 16:21:14,412 INFO 5744 [egg-schedule]: register schedule C:\Users\Administrator\Desktop\RundeGit\JustEggJs\node_modules\_egg-logrotator@3.1.0@egg-logrotator\app\schedule\clean_log.js
2020-03-04 16:21:14,412 INFO 5744 [egg-schedule]: register schedule C:\Users\Administrator\Desktop\RundeGit\JustEggJs\node_modules\_egg-logrotator@3.1.0@egg-logrotator\app\schedule\rotate_by_file.js
2020-03-04 16:21:17,107 INFO 10796 [egg-schedule]: register schedule C:\Users\Administrator\Desktop\RundeGit\JustEggJs\node_modules\_egg-multipart@2.10.1@egg-multipart\app\schedule\clean_tmpdir.js
2020-03-04 16:21:17,108 INFO 10796 [egg-schedule]: register schedule C:\Users\Administrator\Desktop\RundeGit\JustEggJs\node_modules\_egg-logrotator@3.1.0@egg-logrotator\app\schedule\clean_log.js
2020-03-04 16:21:17,108 INFO 10796 [egg-schedule]: register schedule C:\Users\Administrator\Desktop\RundeGit\JustEggJs\node_modules\_egg-logrotator@3.1.0@egg-logrotator\app\schedule\rotate_by_file.js
2020-03-04 16:21:37,056 INFO 5900 [egg-schedule]: register schedule C:\Users\Administrator\Desktop\RundeGit\JustEggJs\node_modules\_egg-multipart@2.10.1@egg-multipart\app\schedule\clean_tmpdir.js
2020-03-04 16:21:37,056 INFO 5900 [egg-schedule]: register schedule C:\Users\Administrator\Desktop\RundeGit\JustEggJs\node_modules\_egg-logrotator@3.1.0@egg-logrotator\app\schedule\clean_log.js
2020-03-04 16:21:37,056 INFO 5900 [egg-schedule]: register schedule C:\Users\Administrator\Desktop\RundeGit\JustEggJs\node_modules\_egg-logrotator@3.1.0@egg-logrotator\app\schedule\rotate_by_file.js
2020-03-04 16:21:41,129 INFO 11816 [egg-schedule]: register schedule C:\Users\Administrator\Desktop\RundeGit\JustEggJs\node_modules\_egg-multipart@2.10.1@egg-multipart\app\schedule\clean_tmpdir.js
2020-03-04 16:21:41,129 INFO 11816 [egg-schedule]: register schedule C:\Users\Administrator\Desktop\RundeGit\JustEggJs\node_modules\_egg-logrotator@3.1.0@egg-logrotator\app\schedule\clean_log.js
2020-03-04 16:21:41,129 INFO 11816 [egg-schedule]: register schedule C:\Users\Administrator\Desktop\RundeGit\JustEggJs\node_modules\_egg-logrotator@3.1.0@egg-logrotator\app\schedule\rotate_by_file.js
2020-03-04 16:21:57,782 INFO 16240 [egg-schedule]: register schedule C:\Users\Administrator\Desktop\RundeGit\JustEggJs\node_modules\_egg-multipart@2.10.1@egg-multipart\app\schedule\clean_tmpdir.js
2020-03-04 16:21:57,782 INFO 16240 [egg-schedule]: register schedule C:\Users\Administrator\Desktop\RundeGit\JustEggJs\node_modules\_egg-logrotator@3.1.0@egg-logrotator\app\schedule\clean_log.js
2020-03-04 16:21:57,782 INFO 16240 [egg-schedule]: register schedule C:\Users\Administrator\Desktop\RundeGit\JustEggJs\node_modules\_egg-logrotator@3.1.0@egg-logrotator\app\schedule\rotate_by_file.js
2020-03-04 16:22:22,324 INFO 16156 [egg-schedule]: register schedule C:\Users\Administrator\Desktop\RundeGit\JustEggJs\node_modules\_egg-multipart@2.10.1@egg-multipart\app\schedule\clean_tmpdir.js
2020-03-04 16:22:22,324 INFO 16156 [egg-schedule]: register schedule C:\Users\Administrator\Desktop\RundeGit\JustEggJs\node_modules\_egg-logrotator@3.1.0@egg-logrotator\app\schedule\clean_log.js
2020-03-04 16:22:22,324 INFO 16156 [egg-schedule]: register schedule C:\Users\Administrator\Desktop\RundeGit\JustEggJs\node_modules\_egg-logrotator@3.1.0@egg-logrotator\app\schedule\rotate_by_file.js
2020-03-04 16:22:25,082 INFO 3944 [egg-schedule]: register schedule C:\Users\Administrator\Desktop\RundeGit\JustEggJs\node_modules\_egg-multipart@2.10.1@egg-multipart\app\schedule\clean_tmpdir.js
2020-03-04 16:22:25,082 INFO 3944 [egg-schedule]: register schedule C:\Users\Administrator\Desktop\RundeGit\JustEggJs\node_modules\_egg-logrotator@3.1.0@egg-logrotator\app\schedule\clean_log.js
2020-03-04 16:22:25,082 INFO 3944 [egg-schedule]: register schedule C:\Users\Administrator\Desktop\RundeGit\JustEggJs\node_modules\_egg-logrotator@3.1.0@egg-logrotator\app\schedule\rotate_by_file.js
2020-03-04 16:25:49,043 INFO 16096 [egg-schedule]: register schedule C:\Users\Administrator\Desktop\RundeGit\JustEggJs\node_modules\_egg-multipart@2.10.1@egg-multipart\app\schedule\clean_tmpdir.js
2020-03-04 16:25:49,043 INFO 16096 [egg-schedule]: register schedule C:\Users\Administrator\Desktop\RundeGit\JustEggJs\node_modules\_egg-logrotator@3.1.0@egg-logrotator\app\schedule\clean_log.js
2020-03-04 16:25:49,043 INFO 16096 [egg-schedule]: register schedule C:\Users\Administrator\Desktop\RundeGit\JustEggJs\node_modules\_egg-logrotator@3.1.0@egg-logrotator\app\schedule\rotate_by_file.js
2020-03-04 16:25:49,426 INFO 8676 [Timer] C:\Users\Administrator\Desktop\RundeGit\JustEggJs\node_modules\_egg-multipart@2.10.1@egg-multipart\app\schedule\clean_tmpdir.js next time will execute after 43450577ms at 2020-03-05 04:30:00.003
2020-03-04 16:25:49,427 INFO 8676 [Timer] C:\Users\Administrator\Desktop\RundeGit\JustEggJs\node_modules\_egg-logrotator@3.1.0@egg-logrotator\app\schedule\clean_log.js next time will execute after 27250574ms at 2020-03-05 00:00:00.001
2020-03-04 16:25:49,427 INFO 8676 [Timer] C:\Users\Administrator\Desktop\RundeGit\JustEggJs\node_modules\_egg-logrotator@3.1.0@egg-logrotator\app\schedule\rotate_by_file.js next time will execute after 27251573ms at 2020-03-05 00:00:01.000
2020-03-04 16:26:31,180 INFO 15556 [egg-schedule]: register schedule C:\Users\Administrator\Desktop\RundeGit\JustEggJs\node_modules\_egg-multipart@2.10.1@egg-multipart\app\schedule\clean_tmpdir.js
2020-03-04 16:26:31,180 INFO 15556 [egg-schedule]: register schedule C:\Users\Administrator\Desktop\RundeGit\JustEggJs\node_modules\_egg-logrotator@3.1.0@egg-logrotator\app\schedule\clean_log.js
2020-03-04 16:26:31,180 INFO 15556 [egg-schedule]: register schedule C:\Users\Administrator\Desktop\RundeGit\JustEggJs\node_modules\_egg-logrotator@3.1.0@egg-logrotator\app\schedule\rotate_by_file.js
2020-03-04 16:27:05,889 INFO 5144 [egg-schedule]: register schedule C:\Users\Administrator\Desktop\RundeGit\JustEggJs\node_modules\_egg-multipart@2.10.1@egg-multipart\app\schedule\clean_tmpdir.js
2020-03-04 16:27:05,889 INFO 5144 [egg-schedule]: register schedule C:\Users\Administrator\Desktop\RundeGit\JustEggJs\node_modules\_egg-logrotator@3.1.0@egg-logrotator\app\schedule\clean_log.js
2020-03-04 16:27:05,889 INFO 5144 [egg-schedule]: register schedule C:\Users\Administrator\Desktop\RundeGit\JustEggJs\node_modules\_egg-logrotator@3.1.0@egg-logrotator\app\schedule\rotate_by_file.js
2020-03-04 16:27:09,626 INFO 13764 [egg-schedule]: register schedule C:\Users\Administrator\Desktop\RundeGit\JustEggJs\node_modules\_egg-multipart@2.10.1@egg-multipart\app\schedule\clean_tmpdir.js
2020-03-04 16:27:09,626 INFO 13764 [egg-schedule]: register schedule C:\Users\Administrator\Desktop\RundeGit\JustEggJs\node_modules\_egg-logrotator@3.1.0@egg-logrotator\app\schedule\clean_log.js
2020-03-04 16:27:09,626 INFO 13764 [egg-schedule]: register schedule C:\Users\Administrator\Desktop\RundeGit\JustEggJs\node_modules\_egg-logrotator@3.1.0@egg-logrotator\app\schedule\rotate_by_file.js
2020-03-04 16:27:14,824 INFO 14648 [egg-schedule]: register schedule C:\Users\Administrator\Desktop\RundeGit\JustEggJs\node_modules\_egg-multipart@2.10.1@egg-multipart\app\schedule\clean_tmpdir.js
2020-03-04 16:27:14,824 INFO 14648 [egg-schedule]: register schedule C:\Users\Administrator\Desktop\RundeGit\JustEggJs\node_modules\_egg-logrotator@3.1.0@egg-logrotator\app\schedule\clean_log.js
2020-03-04 16:27:14,824 INFO 14648 [egg-schedule]: register schedule C:\Users\Administrator\Desktop\RundeGit\JustEggJs\node_modules\_egg-logrotator@3.1.0@egg-logrotator\app\schedule\rotate_by_file.js
2020-03-04 16:27:17,421 INFO 8660 [egg-schedule]: register schedule C:\Users\Administrator\Desktop\RundeGit\JustEggJs\node_modules\_egg-multipart@2.10.1@egg-multipart\app\schedule\clean_tmpdir.js
2020-03-04 16:27:17,421 INFO 8660 [egg-schedule]: register schedule C:\Users\Administrator\Desktop\RundeGit\JustEggJs\node_modules\_egg-logrotator@3.1.0@egg-logrotator\app\schedule\clean_log.js
2020-03-04 16:27:17,421 INFO 8660 [egg-schedule]: register schedule C:\Users\Administrator\Desktop\RundeGit\JustEggJs\node_modules\_egg-logrotator@3.1.0@egg-logrotator\app\schedule\rotate_by_file.js
2020-03-04 16:28:09,661 INFO 11928 [egg-schedule]: register schedule C:\Users\Administrator\Desktop\RundeGit\JustEggJs\node_modules\_egg-multipart@2.10.1@egg-multipart\app\schedule\clean_tmpdir.js
2020-03-04 16:28:09,661 INFO 11928 [egg-schedule]: register schedule C:\Users\Administrator\Desktop\RundeGit\JustEggJs\node_modules\_egg-logrotator@3.1.0@egg-logrotator\app\schedule\clean_log.js
2020-03-04 16:28:09,661 INFO 11928 [egg-schedule]: register schedule C:\Users\Administrator\Desktop\RundeGit\JustEggJs\node_modules\_egg-logrotator@3.1.0@egg-logrotator\app\schedule\rotate_by_file.js
2020-03-04 16:28:15,526 INFO 14972 [egg-schedule]: register schedule C:\Users\Administrator\Desktop\RundeGit\JustEggJs\node_modules\_egg-multipart@2.10.1@egg-multipart\app\schedule\clean_tmpdir.js
2020-03-04 16:28:15,526 INFO 14972 [egg-schedule]: register schedule C:\Users\Administrator\Desktop\RundeGit\JustEggJs\node_modules\_egg-logrotator@3.1.0@egg-logrotator\app\schedule\clean_log.js
2020-03-04 16:28:15,526 INFO 14972 [egg-schedule]: register schedule C:\Users\Administrator\Desktop\RundeGit\JustEggJs\node_modules\_egg-logrotator@3.1.0@egg-logrotator\app\schedule\rotate_by_file.js
2020-03-04 16:28:17,441 INFO 8636 [egg-schedule]: register schedule C:\Users\Administrator\Desktop\RundeGit\JustEggJs\node_modules\_egg-multipart@2.10.1@egg-multipart\app\schedule\clean_tmpdir.js
2020-03-04 16:28:17,442 INFO 8636 [egg-schedule]: register schedule C:\Users\Administrator\Desktop\RundeGit\JustEggJs\node_modules\_egg-logrotator@3.1.0@egg-logrotator\app\schedule\clean_log.js
2020-03-04 16:28:17,442 INFO 8636 [egg-schedule]: register schedule C:\Users\Administrator\Desktop\RundeGit\JustEggJs\node_modules\_egg-logrotator@3.1.0@egg-logrotator\app\schedule\rotate_by_file.js
2020-03-04 16:29:25,598 INFO 8728 [egg-schedule]: register schedule C:\Users\Administrator\Desktop\RundeGit\JustEggJs\node_modules\_egg-multipart@2.10.1@egg-multipart\app\schedule\clean_tmpdir.js
2020-03-04 16:29:25,599 INFO 8728 [egg-schedule]: register schedule C:\Users\Administrator\Desktop\RundeGit\JustEggJs\node_modules\_egg-logrotator@3.1.0@egg-logrotator\app\schedule\clean_log.js
2020-03-04 16:29:25,599 INFO 8728 [egg-schedule]: register schedule C:\Users\Administrator\Desktop\RundeGit\JustEggJs\node_modules\_egg-logrotator@3.1.0@egg-logrotator\app\schedule\rotate_by_file.js
2020-03-04 16:29:36,816 INFO 13392 [egg-schedule]: register schedule C:\Users\Administrator\Desktop\RundeGit\JustEggJs\node_modules\_egg-multipart@2.10.1@egg-multipart\app\schedule\clean_tmpdir.js
2020-03-04 16:29:36,816 INFO 13392 [egg-schedule]: register schedule C:\Users\Administrator\Desktop\RundeGit\JustEggJs\node_modules\_egg-logrotator@3.1.0@egg-logrotator\app\schedule\clean_log.js
2020-03-04 16:29:36,816 INFO 13392 [egg-schedule]: register schedule C:\Users\Administrator\Desktop\RundeGit\JustEggJs\node_modules\_egg-logrotator@3.1.0@egg-logrotator\app\schedule\rotate_by_file.js
2020-03-04 16:29:46,203 INFO 8388 [egg-schedule]: register schedule C:\Users\Administrator\Desktop\RundeGit\JustEggJs\node_modules\_egg-multipart@2.10.1@egg-multipart\app\schedule\clean_tmpdir.js
2020-03-04 16:29:46,203 INFO 8388 [egg-schedule]: register schedule C:\Users\Administrator\Desktop\RundeGit\JustEggJs\node_modules\_egg-logrotator@3.1.0@egg-logrotator\app\schedule\clean_log.js
2020-03-04 16:29:46,203 INFO 8388 [egg-schedule]: register schedule C:\Users\Administrator\Desktop\RundeGit\JustEggJs\node_modules\_egg-logrotator@3.1.0@egg-logrotator\app\schedule\rotate_by_file.js
2020-03-04 16:31:28,117 INFO 9232 [egg-schedule]: register schedule C:\Users\Administrator\Desktop\RundeGit\JustEggJs\node_modules\_egg-multipart@2.10.1@egg-multipart\app\schedule\clean_tmpdir.js
2020-03-04 16:31:28,117 INFO 9232 [egg-schedule]: register schedule C:\Users\Administrator\Desktop\RundeGit\JustEggJs\node_modules\_egg-logrotator@3.1.0@egg-logrotator\app\schedule\clean_log.js
2020-03-04 16:31:28,117 INFO 9232 [egg-schedule]: register schedule C:\Users\Administrator\Desktop\RundeGit\JustEggJs\node_modules\_egg-logrotator@3.1.0@egg-logrotator\app\schedule\rotate_by_file.js
2020-03-04 16:31:30,957 INFO 16192 [egg-schedule]: register schedule C:\Users\Administrator\Desktop\RundeGit\JustEggJs\node_modules\_egg-multipart@2.10.1@egg-multipart\app\schedule\clean_tmpdir.js
2020-03-04 16:31:30,957 INFO 16192 [egg-schedule]: register schedule C:\Users\Administrator\Desktop\RundeGit\JustEggJs\node_modules\_egg-logrotator@3.1.0@egg-logrotator\app\schedule\clean_log.js
2020-03-04 16:31:30,957 INFO 16192 [egg-schedule]: register schedule C:\Users\Administrator\Desktop\RundeGit\JustEggJs\node_modules\_egg-logrotator@3.1.0@egg-logrotator\app\schedule\rotate_by_file.js
2020-03-04 16:31:46,174 INFO 1432 [egg-schedule]: register schedule C:\Users\Administrator\Desktop\RundeGit\JustEggJs\node_modules\_egg-multipart@2.10.1@egg-multipart\app\schedule\clean_tmpdir.js
2020-03-04 16:31:46,174 INFO 1432 [egg-schedule]: register schedule C:\Users\Administrator\Desktop\RundeGit\JustEggJs\node_modules\_egg-logrotator@3.1.0@egg-logrotator\app\schedule\clean_log.js
2020-03-04 16:31:46,174 INFO 1432 [egg-schedule]: register schedule C:\Users\Administrator\Desktop\RundeGit\JustEggJs\node_modules\_egg-logrotator@3.1.0@egg-logrotator\app\schedule\rotate_by_file.js
2020-03-04 16:31:48,992 INFO 8128 [egg-schedule]: register schedule C:\Users\Administrator\Desktop\RundeGit\JustEggJs\node_modules\_egg-multipart@2.10.1@egg-multipart\app\schedule\clean_tmpdir.js
2020-03-04 16:31:48,992 INFO 8128 [egg-schedule]: register schedule C:\Users\Administrator\Desktop\RundeGit\JustEggJs\node_modules\_egg-logrotator@3.1.0@egg-logrotator\app\schedule\clean_log.js
2020-03-04 16:31:48,992 INFO 8128 [egg-schedule]: register schedule C:\Users\Administrator\Desktop\RundeGit\JustEggJs\node_modules\_egg-logrotator@3.1.0@egg-logrotator\app\schedule\rotate_by_file.js
2020-03-04 16:32:14,270 INFO 14964 [egg-schedule]: register schedule C:\Users\Administrator\Desktop\RundeGit\JustEggJs\node_modules\_egg-multipart@2.10.1@egg-multipart\app\schedule\clean_tmpdir.js
2020-03-04 16:32:14,270 INFO 14964 [egg-schedule]: register schedule C:\Users\Administrator\Desktop\RundeGit\JustEggJs\node_modules\_egg-logrotator@3.1.0@egg-logrotator\app\schedule\clean_log.js
2020-03-04 16:32:14,270 INFO 14964 [egg-schedule]: register schedule C:\Users\Administrator\Desktop\RundeGit\JustEggJs\node_modules\_egg-logrotator@3.1.0@egg-logrotator\app\schedule\rotate_by_file.js
2020-03-04 16:32:24,201 INFO 14468 [egg-schedule]: register schedule C:\Users\Administrator\Desktop\RundeGit\JustEggJs\node_modules\_egg-multipart@2.10.1@egg-multipart\app\schedule\clean_tmpdir.js
2020-03-04 16:32:24,201 INFO 14468 [egg-schedule]: register schedule C:\Users\Administrator\Desktop\RundeGit\JustEggJs\node_modules\_egg-logrotator@3.1.0@egg-logrotator\app\schedule\clean_log.js
2020-03-04 16:32:24,201 INFO 14468 [egg-schedule]: register schedule C:\Users\Administrator\Desktop\RundeGit\JustEggJs\node_modules\_egg-logrotator@3.1.0@egg-logrotator\app\schedule\rotate_by_file.js
2020-03-04 16:32:30,894 INFO 476 [egg-schedule]: register schedule C:\Users\Administrator\Desktop\RundeGit\JustEggJs\node_modules\_egg-multipart@2.10.1@egg-multipart\app\schedule\clean_tmpdir.js
2020-03-04 16:32:30,894 INFO 476 [egg-schedule]: register schedule C:\Users\Administrator\Desktop\RundeGit\JustEggJs\node_modules\_egg-logrotator@3.1.0@egg-logrotator\app\schedule\clean_log.js
2020-03-04 16:32:30,894 INFO 476 [egg-schedule]: register schedule C:\Users\Administrator\Desktop\RundeGit\JustEggJs\node_modules\_egg-logrotator@3.1.0@egg-logrotator\app\schedule\rotate_by_file.js
2020-03-04 16:32:41,588 INFO 11120 [egg-schedule]: register schedule C:\Users\Administrator\Desktop\RundeGit\JustEggJs\node_modules\_egg-multipart@2.10.1@egg-multipart\app\schedule\clean_tmpdir.js
2020-03-04 16:32:41,588 INFO 11120 [egg-schedule]: register schedule C:\Users\Administrator\Desktop\RundeGit\JustEggJs\node_modules\_egg-logrotator@3.1.0@egg-logrotator\app\schedule\clean_log.js
2020-03-04 16:32:41,588 INFO 11120 [egg-schedule]: register schedule C:\Users\Administrator\Desktop\RundeGit\JustEggJs\node_modules\_egg-logrotator@3.1.0@egg-logrotator\app\schedule\rotate_by_file.js
2020-03-04 16:32:44,874 INFO 15724 [egg-schedule]: register schedule C:\Users\Administrator\Desktop\RundeGit\JustEggJs\node_modules\_egg-multipart@2.10.1@egg-multipart\app\schedule\clean_tmpdir.js
2020-03-04 16:32:44,874 INFO 15724 [egg-schedule]: register schedule C:\Users\Administrator\Desktop\RundeGit\JustEggJs\node_modules\_egg-logrotator@3.1.0@egg-logrotator\app\schedule\clean_log.js
2020-03-04 16:32:44,874 INFO 15724 [egg-schedule]: register schedule C:\Users\Administrator\Desktop\RundeGit\JustEggJs\node_modules\_egg-logrotator@3.1.0@egg-logrotator\app\schedule\rotate_by_file.js
2020-03-04 16:33:09,852 INFO 15020 [egg-schedule]: register schedule C:\Users\Administrator\Desktop\RundeGit\JustEggJs\node_modules\_egg-multipart@2.10.1@egg-multipart\app\schedule\clean_tmpdir.js
2020-03-04 16:33:09,852 INFO 15020 [egg-schedule]: register schedule C:\Users\Administrator\Desktop\RundeGit\JustEggJs\node_modules\_egg-logrotator@3.1.0@egg-logrotator\app\schedule\clean_log.js
2020-03-04 16:33:09,852 INFO 15020 [egg-schedule]: register schedule C:\Users\Administrator\Desktop\RundeGit\JustEggJs\node_modules\_egg-logrotator@3.1.0@egg-logrotator\app\schedule\rotate_by_file.js
2020-03-04 16:33:23,295 INFO 9284 [egg-schedule]: register schedule C:\Users\Administrator\Desktop\RundeGit\JustEggJs\node_modules\_egg-multipart@2.10.1@egg-multipart\app\schedule\clean_tmpdir.js
2020-03-04 16:33:23,295 INFO 9284 [egg-schedule]: register schedule C:\Users\Administrator\Desktop\RundeGit\JustEggJs\node_modules\_egg-logrotator@3.1.0@egg-logrotator\app\schedule\clean_log.js
2020-03-04 16:33:23,295 INFO 9284 [egg-schedule]: register schedule C:\Users\Administrator\Desktop\RundeGit\JustEggJs\node_modules\_egg-logrotator@3.1.0@egg-logrotator\app\schedule\rotate_by_file.js
2020-03-04 16:33:29,239 INFO 12696 [egg-schedule]: register schedule C:\Users\Administrator\Desktop\RundeGit\JustEggJs\node_modules\_egg-multipart@2.10.1@egg-multipart\app\schedule\clean_tmpdir.js
2020-03-04 16:33:29,250 INFO 12696 [egg-schedule]: register schedule C:\Users\Administrator\Desktop\RundeGit\JustEggJs\node_modules\_egg-logrotator@3.1.0@egg-logrotator\app\schedule\clean_log.js
2020-03-04 16:33:29,250 INFO 12696 [egg-schedule]: register schedule C:\Users\Administrator\Desktop\RundeGit\JustEggJs\node_modules\_egg-logrotator@3.1.0@egg-logrotator\app\schedule\rotate_by_file.js
2020-03-04 16:33:32,248 INFO 4104 [egg-schedule]: register schedule C:\Users\Administrator\Desktop\RundeGit\JustEggJs\node_modules\_egg-multipart@2.10.1@egg-multipart\app\schedule\clean_tmpdir.js
2020-03-04 16:33:32,248 INFO 4104 [egg-schedule]: register schedule C:\Users\Administrator\Desktop\RundeGit\JustEggJs\node_modules\_egg-logrotator@3.1.0@egg-logrotator\app\schedule\clean_log.js
2020-03-04 16:33:32,248 INFO 4104 [egg-schedule]: register schedule C:\Users\Administrator\Desktop\RundeGit\JustEggJs\node_modules\_egg-logrotator@3.1.0@egg-logrotator\app\schedule\rotate_by_file.js
2020-03-04 16:34:22,173 INFO 16012 [egg-schedule]: register schedule C:\Users\Administrator\Desktop\RundeGit\JustEggJs\node_modules\_egg-multipart@2.10.1@egg-multipart\app\schedule\clean_tmpdir.js
2020-03-04 16:34:22,173 INFO 16012 [egg-schedule]: register schedule C:\Users\Administrator\Desktop\RundeGit\JustEggJs\node_modules\_egg-logrotator@3.1.0@egg-logrotator\app\schedule\clean_log.js
2020-03-04 16:34:22,173 INFO 16012 [egg-schedule]: register schedule C:\Users\Administrator\Desktop\RundeGit\JustEggJs\node_modules\_egg-logrotator@3.1.0@egg-logrotator\app\schedule\rotate_by_file.js
2020-03-04 16:34:25,698 INFO 2504 [egg-schedule]: register schedule C:\Users\Administrator\Desktop\RundeGit\JustEggJs\node_modules\_egg-multipart@2.10.1@egg-multipart\app\schedule\clean_tmpdir.js
2020-03-04 16:34:25,698 INFO 2504 [egg-schedule]: register schedule C:\Users\Administrator\Desktop\RundeGit\JustEggJs\node_modules\_egg-logrotator@3.1.0@egg-logrotator\app\schedule\clean_log.js
2020-03-04 16:34:25,698 INFO 2504 [egg-schedule]: register schedule C:\Users\Administrator\Desktop\RundeGit\JustEggJs\node_modules\_egg-logrotator@3.1.0@egg-logrotator\app\schedule\rotate_by_file.js
2020-03-04 16:34:50,081 INFO 7856 [egg-schedule]: register schedule C:\Users\Administrator\Desktop\RundeGit\JustEggJs\node_modules\_egg-multipart@2.10.1@egg-multipart\app\schedule\clean_tmpdir.js
2020-03-04 16:34:50,081 INFO 7856 [egg-schedule]: register schedule C:\Users\Administrator\Desktop\RundeGit\JustEggJs\node_modules\_egg-logrotator@3.1.0@egg-logrotator\app\schedule\clean_log.js
2020-03-04 16:34:50,081 INFO 7856 [egg-schedule]: register schedule C:\Users\Administrator\Desktop\RundeGit\JustEggJs\node_modules\_egg-logrotator@3.1.0@egg-logrotator\app\schedule\rotate_by_file.js
2020-03-04 16:34:53,158 INFO 12212 [egg-schedule]: register schedule C:\Users\Administrator\Desktop\RundeGit\JustEggJs\node_modules\_egg-multipart@2.10.1@egg-multipart\app\schedule\clean_tmpdir.js
2020-03-04 16:34:53,158 INFO 12212 [egg-schedule]: register schedule C:\Users\Administrator\Desktop\RundeGit\JustEggJs\node_modules\_egg-logrotator@3.1.0@egg-logrotator\app\schedule\clean_log.js
2020-03-04 16:34:53,158 INFO 12212 [egg-schedule]: register schedule C:\Users\Administrator\Desktop\RundeGit\JustEggJs\node_modules\_egg-logrotator@3.1.0@egg-logrotator\app\schedule\rotate_by_file.js
2020-03-04 16:35:28,210 INFO 1856 [egg-schedule]: register schedule C:\Users\Administrator\Desktop\RundeGit\JustEggJs\node_modules\_egg-multipart@2.10.1@egg-multipart\app\schedule\clean_tmpdir.js
2020-03-04 16:35:28,210 INFO 1856 [egg-schedule]: register schedule C:\Users\Administrator\Desktop\RundeGit\JustEggJs\node_modules\_egg-logrotator@3.1.0@egg-logrotator\app\schedule\clean_log.js
2020-03-04 16:35:28,210 INFO 1856 [egg-schedule]: register schedule C:\Users\Administrator\Desktop\RundeGit\JustEggJs\node_modules\_egg-logrotator@3.1.0@egg-logrotator\app\schedule\rotate_by_file.js
2020-03-04 16:35:31,604 INFO 11584 [egg-schedule]: register schedule C:\Users\Administrator\Desktop\RundeGit\JustEggJs\node_modules\_egg-multipart@2.10.1@egg-multipart\app\schedule\clean_tmpdir.js
2020-03-04 16:35:31,604 INFO 11584 [egg-schedule]: register schedule C:\Users\Administrator\Desktop\RundeGit\JustEggJs\node_modules\_egg-logrotator@3.1.0@egg-logrotator\app\schedule\clean_log.js
2020-03-04 16:35:31,604 INFO 11584 [egg-schedule]: register schedule C:\Users\Administrator\Desktop\RundeGit\JustEggJs\node_modules\_egg-logrotator@3.1.0@egg-logrotator\app\schedule\rotate_by_file.js
2020-03-04 16:58:43,356 INFO 13900 [egg-schedule]: register schedule C:\Users\Administrator\Desktop\RundeGit\JustEggJs\node_modules\_egg-multipart@2.10.1@egg-multipart\app\schedule\clean_tmpdir.js
2020-03-04 16:58:43,356 INFO 13900 [egg-schedule]: register schedule C:\Users\Administrator\Desktop\RundeGit\JustEggJs\node_modules\_egg-logrotator@3.1.0@egg-logrotator\app\schedule\clean_log.js
2020-03-04 16:58:43,356 INFO 13900 [egg-schedule]: register schedule C:\Users\Administrator\Desktop\RundeGit\JustEggJs\node_modules\_egg-logrotator@3.1.0@egg-logrotator\app\schedule\rotate_by_file.js
2020-03-04 17:00:13,238 INFO 14308 [Timer] C:\Users\Administrator\Desktop\RundeGit\JustEggJs\node_modules\_egg-multipart@2.10.1@egg-multipart\app\schedule\clean_tmpdir.js next time will execute after 41386766ms at 2020-03-05 04:30:00.003
2020-03-04 17:00:13,238 INFO 14308 [Timer] C:\Users\Administrator\Desktop\RundeGit\JustEggJs\node_modules\_egg-logrotator@3.1.0@egg-logrotator\app\schedule\clean_log.js next time will execute after 25186762ms at 2020-03-05 00:00:00.000
2020-03-04 17:00:13,238 INFO 14308 [Timer] C:\Users\Administrator\Desktop\RundeGit\JustEggJs\node_modules\_egg-logrotator@3.1.0@egg-logrotator\app\schedule\rotate_by_file.js next time will execute after 25187762ms at 2020-03-05 00:00:01.000
2020-03-04 17:00:12,885 INFO 6240 [egg-schedule]: register schedule C:\Users\Administrator\Desktop\RundeGit\JustEggJs\node_modules\_egg-multipart@2.10.1@egg-multipart\app\schedule\clean_tmpdir.js
2020-03-04 17:00:12,885 INFO 6240 [egg-schedule]: register schedule C:\Users\Administrator\Desktop\RundeGit\JustEggJs\node_modules\_egg-logrotator@3.1.0@egg-logrotator\app\schedule\clean_log.js
2020-03-04 17:00:12,885 INFO 6240 [egg-schedule]: register schedule C:\Users\Administrator\Desktop\RundeGit\JustEggJs\node_modules\_egg-logrotator@3.1.0@egg-logrotator\app\schedule\rotate_by_file.js
2020-03-04 17:00:40,278 INFO 8624 [egg-schedule]: register schedule C:\Users\Administrator\Desktop\RundeGit\JustEggJs\node_modules\_egg-multipart@2.10.1@egg-multipart\app\schedule\clean_tmpdir.js
2020-03-04 17:00:40,279 INFO 8624 [egg-schedule]: register schedule C:\Users\Administrator\Desktop\RundeGit\JustEggJs\node_modules\_egg-logrotator@3.1.0@egg-logrotator\app\schedule\clean_log.js
2020-03-04 17:00:40,279 INFO 8624 [egg-schedule]: register schedule C:\Users\Administrator\Desktop\RundeGit\JustEggJs\node_modules\_egg-logrotator@3.1.0@egg-logrotator\app\schedule\rotate_by_file.js
2020-03-04 17:00:43,275 INFO 5728 [egg-schedule]: register schedule C:\Users\Administrator\Desktop\RundeGit\JustEggJs\node_modules\_egg-multipart@2.10.1@egg-multipart\app\schedule\clean_tmpdir.js
2020-03-04 17:00:43,276 INFO 5728 [egg-schedule]: register schedule C:\Users\Administrator\Desktop\RundeGit\JustEggJs\node_modules\_egg-logrotator@3.1.0@egg-logrotator\app\schedule\clean_log.js
2020-03-04 17:00:43,276 INFO 5728 [egg-schedule]: register schedule C:\Users\Administrator\Desktop\RundeGit\JustEggJs\node_modules\_egg-logrotator@3.1.0@egg-logrotator\app\schedule\rotate_by_file.js
2020-03-04 17:01:42,700 INFO 12132 [egg-schedule]: register schedule C:\Users\Administrator\Desktop\RundeGit\JustEggJs\node_modules\_egg-multipart@2.10.1@egg-multipart\app\schedule\clean_tmpdir.js
2020-03-04 17:01:42,700 INFO 12132 [egg-schedule]: register schedule C:\Users\Administrator\Desktop\RundeGit\JustEggJs\node_modules\_egg-logrotator@3.1.0@egg-logrotator\app\schedule\clean_log.js
2020-03-04 17:01:42,700 INFO 12132 [egg-schedule]: register schedule C:\Users\Administrator\Desktop\RundeGit\JustEggJs\node_modules\_egg-logrotator@3.1.0@egg-logrotator\app\schedule\rotate_by_file.js
2020-03-04 17:01:44,808 INFO 6280 [egg-schedule]: register schedule C:\Users\Administrator\Desktop\RundeGit\JustEggJs\node_modules\_egg-multipart@2.10.1@egg-multipart\app\schedule\clean_tmpdir.js
2020-03-04 17:01:44,808 INFO 6280 [egg-schedule]: register schedule C:\Users\Administrator\Desktop\RundeGit\JustEggJs\node_modules\_egg-logrotator@3.1.0@egg-logrotator\app\schedule\clean_log.js
2020-03-04 17:01:44,808 INFO 6280 [egg-schedule]: register schedule C:\Users\Administrator\Desktop\RundeGit\JustEggJs\node_modules\_egg-logrotator@3.1.0@egg-logrotator\app\schedule\rotate_by_file.js
